The target system is: PICO -  - cortex-m0plus
The host system is: Linux - 6.1.0-37-amd64 - x86_64
Compiling the C compiler identification source file "CMakeCCompilerId.c" succeeded.
Compiler: /home/santiago/Research/microfuzz/toolchains/arm/new_gcc/bin/arm-none-eabi-gcc 
Build flags: ;-mcpu=cortex-m0plus;-mthumb
Id flags: -c 

The output was:
0


Compilation of the C compiler identification source "CMakeCCompilerId.c" produced "CMakeCCompilerId.o"

The C compiler identification is GNU, found in "/home/santiago/Research/microfuzz/on_board/RP2040/code/CMakeFiles/3.25.1/CompilerIdC/CMakeCCompilerId.o"

Compiling the CXX compiler identification source file "CMakeCXXCompilerId.cpp" succeeded.
Compiler: /home/santiago/Research/microfuzz/toolchains/arm/new_gcc/bin/arm-none-eabi-g++ 
Build flags: ;-mcpu=cortex-m0plus;-mthumb
Id flags: -c 

The output was:
0


Compilation of the CXX compiler identification source "CMakeCXXCompilerId.cpp" produced "CMakeCXXCompilerId.o"

The CXX compiler identification is GNU, found in "/home/santiago/Research/microfuzz/on_board/RP2040/code/CMakeFiles/3.25.1/CompilerIdCXX/CMakeCXXCompilerId.o"

Checking whether the ASM compiler is GNU using "--version" matched "(GNU assembler)|(GCC)|(Free Software Foundation)":
arm-none-eabi-gcc (Arm GNU Toolchain 14.2.Rel1 (Build arm-14.52)) 14.2.1 20241119
Copyright (C) 2024 Free Software Foundation, Inc.
This is free software; see the source for copying conditions.  There is NO
warranty; not even for MERCHANTABILITY or FITNESS FOR A PARTICULAR PURPOSE.

Detecting C compiler ABI info compiled with the following output:
Change Dir: /home/santiago/Research/microfuzz/on_board/RP2040/code/CMakeFiles/CMakeScratch/TryCompile-DWzXHo

Run Build Command(s):/usr/bin/gmake -f Makefile cmTC_3dd0a/fast && /usr/bin/gmake  -f CMakeFiles/cmTC_3dd0a.dir/build.make CMakeFiles/cmTC_3dd0a.dir/build
gmake[1]: Entering directory '/home/santiago/Research/microfuzz/on_board/RP2040/code/CMakeFiles/CMakeScratch/TryCompile-DWzXHo'
Building C object CMakeFiles/cmTC_3dd0a.dir/CMakeCCompilerABI.c.o
/home/santiago/Research/microfuzz/toolchains/arm/new_gcc/bin/arm-none-eabi-gcc   -mcpu=cortex-m0plus -mthumb    -v -o CMakeFiles/cmTC_3dd0a.dir/CMakeCCompilerABI.c.o -c /usr/share/cmake-3.25/Modules/CMakeCCompilerABI.c
Using built-in specs.
COLLECT_GCC=/home/santiago/Research/microfuzz/toolchains/arm/new_gcc/bin/arm-none-eabi-gcc
Target: arm-none-eabi
Configured with: /data/jenkins/workspace/GNU-toolchain/arm-14/src/gcc/configure --target=arm-none-eabi --prefix=/data/jenkins/workspace/GNU-toolchain/arm-14/build-arm-none-eabi/install --with-gmp=/data/jenkins/workspace/GNU-toolchain/arm-14/build-arm-none-eabi/host-tools --with-mpfr=/data/jenkins/workspace/GNU-toolchain/arm-14/build-arm-none-eabi/host-tools --with-mpc=/data/jenkins/workspace/GNU-toolchain/arm-14/build-arm-none-eabi/host-tools --with-isl=/data/jenkins/workspace/GNU-toolchain/arm-14/build-arm-none-eabi/host-tools --disable-shared --disable-nls --disable-threads --disable-tls --enable-checking=release --enable-languages=c,c++,fortran --with-newlib --with-gnu-as --with-headers=yes --with-gnu-ld --with-native-system-header-dir=/include --with-sysroot=/data/jenkins/workspace/GNU-toolchain/arm-14/build-arm-none-eabi/install/arm-none-eabi --with-bugurl=https://bugs.linaro.org/ --with-multilib-list=aprofile,rmprofile --with-pkgversion='Arm GNU Toolchain 14.2.Rel1 (Build arm-14.52)'
Thread model: single
Supported LTO compression algorithms: zlib zstd
gcc version 14.2.1 20241119 (Arm GNU Toolchain 14.2.Rel1 (Build arm-14.52)) 
COLLECT_GCC_OPTIONS='-mcpu=cortex-m0plus' '-mthumb' '-v' '-o' 'CMakeFiles/cmTC_3dd0a.dir/CMakeCCompilerABI.c.o' '-c' '-mfloat-abi=soft' '-mlibarch=armv6s-m' '-march=armv6s-m' '-dumpdir' 'CMakeFiles/cmTC_3dd0a.dir/'
 /home/santiago/Research/microfuzz/toolchains/arm/new_gcc/bin/../libexec/gcc/arm-none-eabi/14.2.1/cc1 -quiet -v -imultilib thumb/v6-m/nofp -iprefix /home/santiago/Research/microfuzz/toolchains/arm/new_gcc/bin/../lib/gcc/arm-none-eabi/14.2.1/ -isysroot /home/santiago/Research/microfuzz/toolchains/arm/new_gcc/bin/../arm-none-eabi -D__USES_INITFINI__ /usr/share/cmake-3.25/Modules/CMakeCCompilerABI.c -quiet -dumpdir CMakeFiles/cmTC_3dd0a.dir/ -dumpbase CMakeCCompilerABI.c.c -dumpbase-ext .c -mcpu=cortex-m0plus -mthumb -mfloat-abi=soft -mlibarch=armv6s-m -march=armv6s-m -version -o /tmp/ccOREwFt.s
GNU C17 (Arm GNU Toolchain 14.2.Rel1 (Build arm-14.52)) version 14.2.1 20241119 (arm-none-eabi)
	compiled by GNU C version 9.2.1 20191120 (Red Hat 9.2.1-2), GMP version 6.2.1, MPFR version 3.1.6, MPC version 1.0.3, isl version isl-0.15-1-g835ea3a-GMP

GGC heuristics: --param ggc-min-expand=100 --param ggc-min-heapsize=131072
ignoring duplicate directory "/home/santiago/Research/microfuzz/toolchains/arm/new_gcc/bin/../lib/gcc/../../lib/gcc/arm-none-eabi/14.2.1/include"
ignoring nonexistent directory "/home/santiago/Research/microfuzz/toolchains/arm/new_gcc/bin/../arm-none-eabi/usr/local/include"
ignoring duplicate directory "/home/santiago/Research/microfuzz/toolchains/arm/new_gcc/bin/../lib/gcc/../../lib/gcc/arm-none-eabi/14.2.1/include-fixed"
ignoring duplicate directory "/home/santiago/Research/microfuzz/toolchains/arm/new_gcc/bin/../lib/gcc/../../lib/gcc/arm-none-eabi/14.2.1/../../../../arm-none-eabi/include"
ignoring duplicate directory "/home/santiago/Research/microfuzz/toolchains/arm/new_gcc/bin/../arm-none-eabi/include"
#include "..." search starts here:
#include <...> search starts here:
 /home/santiago/Research/microfuzz/toolchains/arm/new_gcc/bin/../lib/gcc/arm-none-eabi/14.2.1/include
 /home/santiago/Research/microfuzz/toolchains/arm/new_gcc/bin/../lib/gcc/arm-none-eabi/14.2.1/include-fixed
 /home/santiago/Research/microfuzz/toolchains/arm/new_gcc/bin/../lib/gcc/arm-none-eabi/14.2.1/../../../../arm-none-eabi/include
End of search list.
Compiler executable checksum: e89038eedc6170daa7e4ecd67cd2deb0
COLLECT_GCC_OPTIONS='-mcpu=cortex-m0plus' '-mthumb' '-v' '-o' 'CMakeFiles/cmTC_3dd0a.dir/CMakeCCompilerABI.c.o' '-c' '-mfloat-abi=soft' '-mlibarch=armv6s-m' '-march=armv6s-m' '-dumpdir' 'CMakeFiles/cmTC_3dd0a.dir/'
 /home/santiago/Research/microfuzz/toolchains/arm/new_gcc/bin/../lib/gcc/arm-none-eabi/14.2.1/../../../../arm-none-eabi/bin/as -v -march=armv6s-m -mfloat-abi=soft -meabi=5 -o CMakeFiles/cmTC_3dd0a.dir/CMakeCCompilerABI.c.o /tmp/ccOREwFt.s
GNU assembler version 2.43.1 (arm-none-eabi) using BFD version (Arm GNU Toolchain 14.2.Rel1 (Build arm-14.52)) 2.43.1.20241119
COMPILER_PATH=/home/santiago/Research/microfuzz/toolchains/arm/new_gcc/bin/../libexec/gcc/arm-none-eabi/14.2.1/:/home/santiago/Research/microfuzz/toolchains/arm/new_gcc/bin/../libexec/gcc/:/home/santiago/Research/microfuzz/toolchains/arm/new_gcc/bin/../lib/gcc/arm-none-eabi/14.2.1/../../../../arm-none-eabi/bin/
LIBRARY_PATH=/home/santiago/Research/microfuzz/toolchains/arm/new_gcc/bin/../lib/gcc/arm-none-eabi/14.2.1/thumb/v6-m/nofp/:/home/santiago/Research/microfuzz/toolchains/arm/new_gcc/bin/../lib/gcc/arm-none-eabi/14.2.1/../../../../arm-none-eabi/lib/thumb/v6-m/nofp/:/home/santiago/Research/microfuzz/toolchains/arm/new_gcc/bin/../arm-none-eabi/lib/thumb/v6-m/nofp/:/home/santiago/Research/microfuzz/toolchains/arm/new_gcc/bin/../lib/gcc/arm-none-eabi/14.2.1/:/home/santiago/Research/microfuzz/toolchains/arm/new_gcc/bin/../lib/gcc/:/home/santiago/Research/microfuzz/toolchains/arm/new_gcc/bin/../lib/gcc/arm-none-eabi/14.2.1/../../../../arm-none-eabi/lib/:/home/santiago/Research/microfuzz/toolchains/arm/new_gcc/bin/../arm-none-eabi/lib/
COLLECT_GCC_OPTIONS='-mcpu=cortex-m0plus' '-mthumb' '-v' '-o' 'CMakeFiles/cmTC_3dd0a.dir/CMakeCCompilerABI.c.o' '-c' '-mfloat-abi=soft' '-mlibarch=armv6s-m' '-march=armv6s-m' '-dumpdir' 'CMakeFiles/cmTC_3dd0a.dir/CMakeCCompilerABI.c.'
Linking C executable cmTC_3dd0a.elf
/usr/bin/cmake -E cmake_link_script CMakeFiles/cmTC_3dd0a.dir/link.txt --verbose=1
/home/santiago/Research/microfuzz/toolchains/arm/new_gcc/bin/arm-none-eabi-gcc -mcpu=cortex-m0plus -mthumb  -Wl,--build-id=none -nostdlib  -v CMakeFiles/cmTC_3dd0a.dir/CMakeCCompilerABI.c.o -o cmTC_3dd0a.elf 
Using built-in specs.
COLLECT_GCC=/home/santiago/Research/microfuzz/toolchains/arm/new_gcc/bin/arm-none-eabi-gcc
COLLECT_LTO_WRAPPER=/home/santiago/Research/microfuzz/toolchains/arm/new_gcc/bin/../libexec/gcc/arm-none-eabi/14.2.1/lto-wrapper
Target: arm-none-eabi
Configured with: /data/jenkins/workspace/GNU-toolchain/arm-14/src/gcc/configure --target=arm-none-eabi --prefix=/data/jenkins/workspace/GNU-toolchain/arm-14/build-arm-none-eabi/install --with-gmp=/data/jenkins/workspace/GNU-toolchain/arm-14/build-arm-none-eabi/host-tools --with-mpfr=/data/jenkins/workspace/GNU-toolchain/arm-14/build-arm-none-eabi/host-tools --with-mpc=/data/jenkins/workspace/GNU-toolchain/arm-14/build-arm-none-eabi/host-tools --with-isl=/data/jenkins/workspace/GNU-toolchain/arm-14/build-arm-none-eabi/host-tools --disable-shared --disable-nls --disable-threads --disable-tls --enable-checking=release --enable-languages=c,c++,fortran --with-newlib --with-gnu-as --with-headers=yes --with-gnu-ld --with-native-system-header-dir=/include --with-sysroot=/data/jenkins/workspace/GNU-toolchain/arm-14/build-arm-none-eabi/install/arm-none-eabi --with-bugurl=https://bugs.linaro.org/ --with-multilib-list=aprofile,rmprofile --with-pkgversion='Arm GNU Toolchain 14.2.Rel1 (Build arm-14.52)'
Thread model: single
Supported LTO compression algorithms: zlib zstd
gcc version 14.2.1 20241119 (Arm GNU Toolchain 14.2.Rel1 (Build arm-14.52)) 
COMPILER_PATH=/home/santiago/Research/microfuzz/toolchains/arm/new_gcc/bin/../libexec/gcc/arm-none-eabi/14.2.1/:/home/santiago/Research/microfuzz/toolchains/arm/new_gcc/bin/../libexec/gcc/:/home/santiago/Research/microfuzz/toolchains/arm/new_gcc/bin/../lib/gcc/arm-none-eabi/14.2.1/../../../../arm-none-eabi/bin/
LIBRARY_PATH=/home/santiago/Research/microfuzz/toolchains/arm/new_gcc/bin/../lib/gcc/arm-none-eabi/14.2.1/thumb/v6-m/nofp/:/home/santiago/Research/microfuzz/toolchains/arm/new_gcc/bin/../lib/gcc/arm-none-eabi/14.2.1/../../../../arm-none-eabi/lib/thumb/v6-m/nofp/:/home/santiago/Research/microfuzz/toolchains/arm/new_gcc/bin/../arm-none-eabi/lib/thumb/v6-m/nofp/:/home/santiago/Research/microfuzz/toolchains/arm/new_gcc/bin/../lib/gcc/arm-none-eabi/14.2.1/:/home/santiago/Research/microfuzz/toolchains/arm/new_gcc/bin/../lib/gcc/:/home/santiago/Research/microfuzz/toolchains/arm/new_gcc/bin/../lib/gcc/arm-none-eabi/14.2.1/../../../../arm-none-eabi/lib/:/home/santiago/Research/microfuzz/toolchains/arm/new_gcc/bin/../arm-none-eabi/lib/
COLLECT_GCC_OPTIONS='-mcpu=cortex-m0plus' '-mthumb' '-nostdlib' '-v' '-o' 'cmTC_3dd0a.elf' '-mfloat-abi=soft' '-mlibarch=armv6s-m' '-march=armv6s-m' '-dumpdir' 'cmTC_3dd0a.elf.'
 /home/santiago/Research/microfuzz/toolchains/arm/new_gcc/bin/../libexec/gcc/arm-none-eabi/14.2.1/collect2 -plugin /home/santiago/Research/microfuzz/toolchains/arm/new_gcc/bin/../libexec/gcc/arm-none-eabi/14.2.1/liblto_plugin.so -plugin-opt=/home/santiago/Research/microfuzz/toolchains/arm/new_gcc/bin/../libexec/gcc/arm-none-eabi/14.2.1/lto-wrapper -plugin-opt=-fresolution=/tmp/ccEoRdRv.res --sysroot=/home/santiago/Research/microfuzz/toolchains/arm/new_gcc/bin/../arm-none-eabi -X -o cmTC_3dd0a.elf -L/home/santiago/Research/microfuzz/toolchains/arm/new_gcc/bin/../lib/gcc/arm-none-eabi/14.2.1/thumb/v6-m/nofp -L/home/santiago/Research/microfuzz/toolchains/arm/new_gcc/bin/../lib/gcc/arm-none-eabi/14.2.1/../../../../arm-none-eabi/lib/thumb/v6-m/nofp -L/home/santiago/Research/microfuzz/toolchains/arm/new_gcc/bin/../arm-none-eabi/lib/thumb/v6-m/nofp -L/home/santiago/Research/microfuzz/toolchains/arm/new_gcc/bin/../lib/gcc/arm-none-eabi/14.2.1 -L/home/santiago/Research/microfuzz/toolchains/arm/new_gcc/bin/../lib/gcc -L/home/santiago/Research/microfuzz/toolchains/arm/new_gcc/bin/../lib/gcc/arm-none-eabi/14.2.1/../../../../arm-none-eabi/lib -L/home/santiago/Research/microfuzz/toolchains/arm/new_gcc/bin/../arm-none-eabi/lib --build-id=none CMakeFiles/cmTC_3dd0a.dir/CMakeCCompilerABI.c.o
/home/santiago/Research/microfuzz/toolchains/arm/new_gcc/bin/../lib/gcc/arm-none-eabi/14.2.1/../../../../arm-none-eabi/bin/ld: warning: cannot find entry symbol _start; defaulting to 00008000
COLLECT_GCC_OPTIONS='-mcpu=cortex-m0plus' '-mthumb' '-nostdlib' '-v' '-o' 'cmTC_3dd0a.elf' '-mfloat-abi=soft' '-mlibarch=armv6s-m' '-march=armv6s-m' '-dumpdir' 'cmTC_3dd0a.elf.'
gmake[1]: Leaving directory '/home/santiago/Research/microfuzz/on_board/RP2040/code/CMakeFiles/CMakeScratch/TryCompile-DWzXHo'



Parsed C implicit include dir info from above output: rv=done
  found start of include info
  found start of implicit include info
    add: [/home/santiago/Research/microfuzz/toolchains/arm/new_gcc/bin/../lib/gcc/arm-none-eabi/14.2.1/include]
    add: [/home/santiago/Research/microfuzz/toolchains/arm/new_gcc/bin/../lib/gcc/arm-none-eabi/14.2.1/include-fixed]
    add: [/home/santiago/Research/microfuzz/toolchains/arm/new_gcc/bin/../lib/gcc/arm-none-eabi/14.2.1/../../../../arm-none-eabi/include]
  end of search list found
  collapse include dir [/home/santiago/Research/microfuzz/toolchains/arm/new_gcc/bin/../lib/gcc/arm-none-eabi/14.2.1/include] ==> [/home/santiago/Research/microfuzz/toolchains/arm/new_gcc/lib/gcc/arm-none-eabi/14.2.1/include]
  collapse include dir [/home/santiago/Research/microfuzz/toolchains/arm/new_gcc/bin/../lib/gcc/arm-none-eabi/14.2.1/include-fixed] ==> [/home/santiago/Research/microfuzz/toolchains/arm/new_gcc/lib/gcc/arm-none-eabi/14.2.1/include-fixed]
  collapse include dir [/home/santiago/Research/microfuzz/toolchains/arm/new_gcc/bin/../lib/gcc/arm-none-eabi/14.2.1/../../../../arm-none-eabi/include] ==> [/home/santiago/Research/microfuzz/toolchains/arm/new_gcc/arm-none-eabi/include]
  implicit include dirs: [/home/santiago/Research/microfuzz/toolchains/arm/new_gcc/lib/gcc/arm-none-eabi/14.2.1/include;/home/santiago/Research/microfuzz/toolchains/arm/new_gcc/lib/gcc/arm-none-eabi/14.2.1/include-fixed;/home/santiago/Research/microfuzz/toolchains/arm/new_gcc/arm-none-eabi/include]


Parsed C implicit link information from above output:
  link line regex: [^( *|.*[/\])(arm-none-eabi-ld|CMAKE_LINK_STARTFILE-NOTFOUND|([^/\]+-)?ld|collect2)[^/\]*( |$)]
  ignore line: [Change Dir: /home/santiago/Research/microfuzz/on_board/RP2040/code/CMakeFiles/CMakeScratch/TryCompile-DWzXHo]
  ignore line: []
  ignore line: [Run Build Command(s):/usr/bin/gmake -f Makefile cmTC_3dd0a/fast && /usr/bin/gmake  -f CMakeFiles/cmTC_3dd0a.dir/build.make CMakeFiles/cmTC_3dd0a.dir/build]
  ignore line: [gmake[1]: Entering directory '/home/santiago/Research/microfuzz/on_board/RP2040/code/CMakeFiles/CMakeScratch/TryCompile-DWzXHo']
  ignore line: [Building C object CMakeFiles/cmTC_3dd0a.dir/CMakeCCompilerABI.c.o]
  ignore line: [/home/santiago/Research/microfuzz/toolchains/arm/new_gcc/bin/arm-none-eabi-gcc   -mcpu=cortex-m0plus -mthumb    -v -o CMakeFiles/cmTC_3dd0a.dir/CMakeCCompilerABI.c.o -c /usr/share/cmake-3.25/Modules/CMakeCCompilerABI.c]
  ignore line: [Using built-in specs.]
  ignore line: [COLLECT_GCC=/home/santiago/Research/microfuzz/toolchains/arm/new_gcc/bin/arm-none-eabi-gcc]
  ignore line: [Target: arm-none-eabi]
  ignore line: [Configured with: /data/jenkins/workspace/GNU-toolchain/arm-14/src/gcc/configure --target=arm-none-eabi --prefix=/data/jenkins/workspace/GNU-toolchain/arm-14/build-arm-none-eabi/install --with-gmp=/data/jenkins/workspace/GNU-toolchain/arm-14/build-arm-none-eabi/host-tools --with-mpfr=/data/jenkins/workspace/GNU-toolchain/arm-14/build-arm-none-eabi/host-tools --with-mpc=/data/jenkins/workspace/GNU-toolchain/arm-14/build-arm-none-eabi/host-tools --with-isl=/data/jenkins/workspace/GNU-toolchain/arm-14/build-arm-none-eabi/host-tools --disable-shared --disable-nls --disable-threads --disable-tls --enable-checking=release --enable-languages=c,c++,fortran --with-newlib --with-gnu-as --with-headers=yes --with-gnu-ld --with-native-system-header-dir=/include --with-sysroot=/data/jenkins/workspace/GNU-toolchain/arm-14/build-arm-none-eabi/install/arm-none-eabi --with-bugurl=https://bugs.linaro.org/ --with-multilib-list=aprofile,rmprofile --with-pkgversion='Arm GNU Toolchain 14.2.Rel1 (Build arm-14.52)']
  ignore line: [Thread model: single]
  ignore line: [Supported LTO compression algorithms: zlib zstd]
  ignore line: [gcc version 14.2.1 20241119 (Arm GNU Toolchain 14.2.Rel1 (Build arm-14.52)) ]
  ignore line: [COLLECT_GCC_OPTIONS='-mcpu=cortex-m0plus' '-mthumb' '-v' '-o' 'CMakeFiles/cmTC_3dd0a.dir/CMakeCCompilerABI.c.o' '-c' '-mfloat-abi=soft' '-mlibarch=armv6s-m' '-march=armv6s-m' '-dumpdir' 'CMakeFiles/cmTC_3dd0a.dir/']
  ignore line: [ /home/santiago/Research/microfuzz/toolchains/arm/new_gcc/bin/../libexec/gcc/arm-none-eabi/14.2.1/cc1 -quiet -v -imultilib thumb/v6-m/nofp -iprefix /home/santiago/Research/microfuzz/toolchains/arm/new_gcc/bin/../lib/gcc/arm-none-eabi/14.2.1/ -isysroot /home/santiago/Research/microfuzz/toolchains/arm/new_gcc/bin/../arm-none-eabi -D__USES_INITFINI__ /usr/share/cmake-3.25/Modules/CMakeCCompilerABI.c -quiet -dumpdir CMakeFiles/cmTC_3dd0a.dir/ -dumpbase CMakeCCompilerABI.c.c -dumpbase-ext .c -mcpu=cortex-m0plus -mthumb -mfloat-abi=soft -mlibarch=armv6s-m -march=armv6s-m -version -o /tmp/ccOREwFt.s]
  ignore line: [GNU C17 (Arm GNU Toolchain 14.2.Rel1 (Build arm-14.52)) version 14.2.1 20241119 (arm-none-eabi)]
  ignore line: [	compiled by GNU C version 9.2.1 20191120 (Red Hat 9.2.1-2)  GMP version 6.2.1  MPFR version 3.1.6  MPC version 1.0.3  isl version isl-0.15-1-g835ea3a-GMP]
  ignore line: []
  ignore line: [GGC heuristics: --param ggc-min-expand=100 --param ggc-min-heapsize=131072]
  ignore line: [ignoring duplicate directory "/home/santiago/Research/microfuzz/toolchains/arm/new_gcc/bin/../lib/gcc/../../lib/gcc/arm-none-eabi/14.2.1/include"]
  ignore line: [ignoring nonexistent directory "/home/santiago/Research/microfuzz/toolchains/arm/new_gcc/bin/../arm-none-eabi/usr/local/include"]
  ignore line: [ignoring duplicate directory "/home/santiago/Research/microfuzz/toolchains/arm/new_gcc/bin/../lib/gcc/../../lib/gcc/arm-none-eabi/14.2.1/include-fixed"]
  ignore line: [ignoring duplicate directory "/home/santiago/Research/microfuzz/toolchains/arm/new_gcc/bin/../lib/gcc/../../lib/gcc/arm-none-eabi/14.2.1/../../../../arm-none-eabi/include"]
  ignore line: [ignoring duplicate directory "/home/santiago/Research/microfuzz/toolchains/arm/new_gcc/bin/../arm-none-eabi/include"]
  ignore line: [#include "..." search starts here:]
  ignore line: [#include <...> search starts here:]
  ignore line: [ /home/santiago/Research/microfuzz/toolchains/arm/new_gcc/bin/../lib/gcc/arm-none-eabi/14.2.1/include]
  ignore line: [ /home/santiago/Research/microfuzz/toolchains/arm/new_gcc/bin/../lib/gcc/arm-none-eabi/14.2.1/include-fixed]
  ignore line: [ /home/santiago/Research/microfuzz/toolchains/arm/new_gcc/bin/../lib/gcc/arm-none-eabi/14.2.1/../../../../arm-none-eabi/include]
  ignore line: [End of search list.]
  ignore line: [Compiler executable checksum: e89038eedc6170daa7e4ecd67cd2deb0]
  ignore line: [COLLECT_GCC_OPTIONS='-mcpu=cortex-m0plus' '-mthumb' '-v' '-o' 'CMakeFiles/cmTC_3dd0a.dir/CMakeCCompilerABI.c.o' '-c' '-mfloat-abi=soft' '-mlibarch=armv6s-m' '-march=armv6s-m' '-dumpdir' 'CMakeFiles/cmTC_3dd0a.dir/']
  ignore line: [ /home/santiago/Research/microfuzz/toolchains/arm/new_gcc/bin/../lib/gcc/arm-none-eabi/14.2.1/../../../../arm-none-eabi/bin/as -v -march=armv6s-m -mfloat-abi=soft -meabi=5 -o CMakeFiles/cmTC_3dd0a.dir/CMakeCCompilerABI.c.o /tmp/ccOREwFt.s]
  ignore line: [GNU assembler version 2.43.1 (arm-none-eabi) using BFD version (Arm GNU Toolchain 14.2.Rel1 (Build arm-14.52)) 2.43.1.20241119]
  ignore line: [COMPILER_PATH=/home/santiago/Research/microfuzz/toolchains/arm/new_gcc/bin/../libexec/gcc/arm-none-eabi/14.2.1/:/home/santiago/Research/microfuzz/toolchains/arm/new_gcc/bin/../libexec/gcc/:/home/santiago/Research/microfuzz/toolchains/arm/new_gcc/bin/../lib/gcc/arm-none-eabi/14.2.1/../../../../arm-none-eabi/bin/]
  ignore line: [LIBRARY_PATH=/home/santiago/Research/microfuzz/toolchains/arm/new_gcc/bin/../lib/gcc/arm-none-eabi/14.2.1/thumb/v6-m/nofp/:/home/santiago/Research/microfuzz/toolchains/arm/new_gcc/bin/../lib/gcc/arm-none-eabi/14.2.1/../../../../arm-none-eabi/lib/thumb/v6-m/nofp/:/home/santiago/Research/microfuzz/toolchains/arm/new_gcc/bin/../arm-none-eabi/lib/thumb/v6-m/nofp/:/home/santiago/Research/microfuzz/toolchains/arm/new_gcc/bin/../lib/gcc/arm-none-eabi/14.2.1/:/home/santiago/Research/microfuzz/toolchains/arm/new_gcc/bin/../lib/gcc/:/home/santiago/Research/microfuzz/toolchains/arm/new_gcc/bin/../lib/gcc/arm-none-eabi/14.2.1/../../../../arm-none-eabi/lib/:/home/santiago/Research/microfuzz/toolchains/arm/new_gcc/bin/../arm-none-eabi/lib/]
  ignore line: [COLLECT_GCC_OPTIONS='-mcpu=cortex-m0plus' '-mthumb' '-v' '-o' 'CMakeFiles/cmTC_3dd0a.dir/CMakeCCompilerABI.c.o' '-c' '-mfloat-abi=soft' '-mlibarch=armv6s-m' '-march=armv6s-m' '-dumpdir' 'CMakeFiles/cmTC_3dd0a.dir/CMakeCCompilerABI.c.']
  ignore line: [Linking C executable cmTC_3dd0a.elf]
  ignore line: [/usr/bin/cmake -E cmake_link_script CMakeFiles/cmTC_3dd0a.dir/link.txt --verbose=1]
  ignore line: [/home/santiago/Research/microfuzz/toolchains/arm/new_gcc/bin/arm-none-eabi-gcc -mcpu=cortex-m0plus -mthumb  -Wl --build-id=none -nostdlib  -v CMakeFiles/cmTC_3dd0a.dir/CMakeCCompilerABI.c.o -o cmTC_3dd0a.elf ]
  ignore line: [Using built-in specs.]
  ignore line: [COLLECT_GCC=/home/santiago/Research/microfuzz/toolchains/arm/new_gcc/bin/arm-none-eabi-gcc]
  ignore line: [COLLECT_LTO_WRAPPER=/home/santiago/Research/microfuzz/toolchains/arm/new_gcc/bin/../libexec/gcc/arm-none-eabi/14.2.1/lto-wrapper]
  ignore line: [Target: arm-none-eabi]
  ignore line: [Configured with: /data/jenkins/workspace/GNU-toolchain/arm-14/src/gcc/configure --target=arm-none-eabi --prefix=/data/jenkins/workspace/GNU-toolchain/arm-14/build-arm-none-eabi/install --with-gmp=/data/jenkins/workspace/GNU-toolchain/arm-14/build-arm-none-eabi/host-tools --with-mpfr=/data/jenkins/workspace/GNU-toolchain/arm-14/build-arm-none-eabi/host-tools --with-mpc=/data/jenkins/workspace/GNU-toolchain/arm-14/build-arm-none-eabi/host-tools --with-isl=/data/jenkins/workspace/GNU-toolchain/arm-14/build-arm-none-eabi/host-tools --disable-shared --disable-nls --disable-threads --disable-tls --enable-checking=release --enable-languages=c,c++,fortran --with-newlib --with-gnu-as --with-headers=yes --with-gnu-ld --with-native-system-header-dir=/include --with-sysroot=/data/jenkins/workspace/GNU-toolchain/arm-14/build-arm-none-eabi/install/arm-none-eabi --with-bugurl=https://bugs.linaro.org/ --with-multilib-list=aprofile,rmprofile --with-pkgversion='Arm GNU Toolchain 14.2.Rel1 (Build arm-14.52)']
  ignore line: [Thread model: single]
  ignore line: [Supported LTO compression algorithms: zlib zstd]
  ignore line: [gcc version 14.2.1 20241119 (Arm GNU Toolchain 14.2.Rel1 (Build arm-14.52)) ]
  ignore line: [COMPILER_PATH=/home/santiago/Research/microfuzz/toolchains/arm/new_gcc/bin/../libexec/gcc/arm-none-eabi/14.2.1/:/home/santiago/Research/microfuzz/toolchains/arm/new_gcc/bin/../libexec/gcc/:/home/santiago/Research/microfuzz/toolchains/arm/new_gcc/bin/../lib/gcc/arm-none-eabi/14.2.1/../../../../arm-none-eabi/bin/]
  ignore line: [LIBRARY_PATH=/home/santiago/Research/microfuzz/toolchains/arm/new_gcc/bin/../lib/gcc/arm-none-eabi/14.2.1/thumb/v6-m/nofp/:/home/santiago/Research/microfuzz/toolchains/arm/new_gcc/bin/../lib/gcc/arm-none-eabi/14.2.1/../../../../arm-none-eabi/lib/thumb/v6-m/nofp/:/home/santiago/Research/microfuzz/toolchains/arm/new_gcc/bin/../arm-none-eabi/lib/thumb/v6-m/nofp/:/home/santiago/Research/microfuzz/toolchains/arm/new_gcc/bin/../lib/gcc/arm-none-eabi/14.2.1/:/home/santiago/Research/microfuzz/toolchains/arm/new_gcc/bin/../lib/gcc/:/home/santiago/Research/microfuzz/toolchains/arm/new_gcc/bin/../lib/gcc/arm-none-eabi/14.2.1/../../../../arm-none-eabi/lib/:/home/santiago/Research/microfuzz/toolchains/arm/new_gcc/bin/../arm-none-eabi/lib/]
  ignore line: [COLLECT_GCC_OPTIONS='-mcpu=cortex-m0plus' '-mthumb' '-nostdlib' '-v' '-o' 'cmTC_3dd0a.elf' '-mfloat-abi=soft' '-mlibarch=armv6s-m' '-march=armv6s-m' '-dumpdir' 'cmTC_3dd0a.elf.']
  link line: [ /home/santiago/Research/microfuzz/toolchains/arm/new_gcc/bin/../libexec/gcc/arm-none-eabi/14.2.1/collect2 -plugin /home/santiago/Research/microfuzz/toolchains/arm/new_gcc/bin/../libexec/gcc/arm-none-eabi/14.2.1/liblto_plugin.so -plugin-opt=/home/santiago/Research/microfuzz/toolchains/arm/new_gcc/bin/../libexec/gcc/arm-none-eabi/14.2.1/lto-wrapper -plugin-opt=-fresolution=/tmp/ccEoRdRv.res --sysroot=/home/santiago/Research/microfuzz/toolchains/arm/new_gcc/bin/../arm-none-eabi -X -o cmTC_3dd0a.elf -L/home/santiago/Research/microfuzz/toolchains/arm/new_gcc/bin/../lib/gcc/arm-none-eabi/14.2.1/thumb/v6-m/nofp -L/home/santiago/Research/microfuzz/toolchains/arm/new_gcc/bin/../lib/gcc/arm-none-eabi/14.2.1/../../../../arm-none-eabi/lib/thumb/v6-m/nofp -L/home/santiago/Research/microfuzz/toolchains/arm/new_gcc/bin/../arm-none-eabi/lib/thumb/v6-m/nofp -L/home/santiago/Research/microfuzz/toolchains/arm/new_gcc/bin/../lib/gcc/arm-none-eabi/14.2.1 -L/home/santiago/Research/microfuzz/toolchains/arm/new_gcc/bin/../lib/gcc -L/home/santiago/Research/microfuzz/toolchains/arm/new_gcc/bin/../lib/gcc/arm-none-eabi/14.2.1/../../../../arm-none-eabi/lib -L/home/santiago/Research/microfuzz/toolchains/arm/new_gcc/bin/../arm-none-eabi/lib --build-id=none CMakeFiles/cmTC_3dd0a.dir/CMakeCCompilerABI.c.o]
    arg [/home/santiago/Research/microfuzz/toolchains/arm/new_gcc/bin/../libexec/gcc/arm-none-eabi/14.2.1/collect2] ==> ignore
    arg [-plugin] ==> ignore
    arg [/home/santiago/Research/microfuzz/toolchains/arm/new_gcc/bin/../libexec/gcc/arm-none-eabi/14.2.1/liblto_plugin.so] ==> ignore
    arg [-plugin-opt=/home/santiago/Research/microfuzz/toolchains/arm/new_gcc/bin/../libexec/gcc/arm-none-eabi/14.2.1/lto-wrapper] ==> ignore
    arg [-plugin-opt=-fresolution=/tmp/ccEoRdRv.res] ==> ignore
    arg [--sysroot=/home/santiago/Research/microfuzz/toolchains/arm/new_gcc/bin/../arm-none-eabi] ==> ignore
    arg [-X] ==> ignore
    arg [-o] ==> ignore
    arg [cmTC_3dd0a.elf] ==> ignore
    arg [-L/home/santiago/Research/microfuzz/toolchains/arm/new_gcc/bin/../lib/gcc/arm-none-eabi/14.2.1/thumb/v6-m/nofp] ==> dir [/home/santiago/Research/microfuzz/toolchains/arm/new_gcc/bin/../lib/gcc/arm-none-eabi/14.2.1/thumb/v6-m/nofp]
    arg [-L/home/santiago/Research/microfuzz/toolchains/arm/new_gcc/bin/../lib/gcc/arm-none-eabi/14.2.1/../../../../arm-none-eabi/lib/thumb/v6-m/nofp] ==> dir [/home/santiago/Research/microfuzz/toolchains/arm/new_gcc/bin/../lib/gcc/arm-none-eabi/14.2.1/../../../../arm-none-eabi/lib/thumb/v6-m/nofp]
    arg [-L/home/santiago/Research/microfuzz/toolchains/arm/new_gcc/bin/../arm-none-eabi/lib/thumb/v6-m/nofp] ==> dir [/home/santiago/Research/microfuzz/toolchains/arm/new_gcc/bin/../arm-none-eabi/lib/thumb/v6-m/nofp]
    arg [-L/home/santiago/Research/microfuzz/toolchains/arm/new_gcc/bin/../lib/gcc/arm-none-eabi/14.2.1] ==> dir [/home/santiago/Research/microfuzz/toolchains/arm/new_gcc/bin/../lib/gcc/arm-none-eabi/14.2.1]
    arg [-L/home/santiago/Research/microfuzz/toolchains/arm/new_gcc/bin/../lib/gcc] ==> dir [/home/santiago/Research/microfuzz/toolchains/arm/new_gcc/bin/../lib/gcc]
    arg [-L/home/santiago/Research/microfuzz/toolchains/arm/new_gcc/bin/../lib/gcc/arm-none-eabi/14.2.1/../../../../arm-none-eabi/lib] ==> dir [/home/santiago/Research/microfuzz/toolchains/arm/new_gcc/bin/../lib/gcc/arm-none-eabi/14.2.1/../../../../arm-none-eabi/lib]
    arg [-L/home/santiago/Research/microfuzz/toolchains/arm/new_gcc/bin/../arm-none-eabi/lib] ==> dir [/home/santiago/Research/microfuzz/toolchains/arm/new_gcc/bin/../arm-none-eabi/lib]
    arg [--build-id=none] ==> ignore
    arg [CMakeFiles/cmTC_3dd0a.dir/CMakeCCompilerABI.c.o] ==> ignore
  collapse library dir [/home/santiago/Research/microfuzz/toolchains/arm/new_gcc/bin/../lib/gcc/arm-none-eabi/14.2.1/thumb/v6-m/nofp] ==> [/home/santiago/Research/microfuzz/toolchains/arm/new_gcc/lib/gcc/arm-none-eabi/14.2.1/thumb/v6-m/nofp]
  collapse library dir [/home/santiago/Research/microfuzz/toolchains/arm/new_gcc/bin/../lib/gcc/arm-none-eabi/14.2.1/../../../../arm-none-eabi/lib/thumb/v6-m/nofp] ==> [/home/santiago/Research/microfuzz/toolchains/arm/new_gcc/arm-none-eabi/lib/thumb/v6-m/nofp]
  collapse library dir [/home/santiago/Research/microfuzz/toolchains/arm/new_gcc/bin/../arm-none-eabi/lib/thumb/v6-m/nofp] ==> [/home/santiago/Research/microfuzz/toolchains/arm/new_gcc/arm-none-eabi/lib/thumb/v6-m/nofp]
  collapse library dir [/home/santiago/Research/microfuzz/toolchains/arm/new_gcc/bin/../lib/gcc/arm-none-eabi/14.2.1] ==> [/home/santiago/Research/microfuzz/toolchains/arm/new_gcc/lib/gcc/arm-none-eabi/14.2.1]
  collapse library dir [/home/santiago/Research/microfuzz/toolchains/arm/new_gcc/bin/../lib/gcc] ==> [/home/santiago/Research/microfuzz/toolchains/arm/new_gcc/lib/gcc]
  collapse library dir [/home/santiago/Research/microfuzz/toolchains/arm/new_gcc/bin/../lib/gcc/arm-none-eabi/14.2.1/../../../../arm-none-eabi/lib] ==> [/home/santiago/Research/microfuzz/toolchains/arm/new_gcc/arm-none-eabi/lib]
  collapse library dir [/home/santiago/Research/microfuzz/toolchains/arm/new_gcc/bin/../arm-none-eabi/lib] ==> [/home/santiago/Research/microfuzz/toolchains/arm/new_gcc/arm-none-eabi/lib]
  implicit libs: []
  implicit objs: []
  implicit dirs: [/home/santiago/Research/microfuzz/toolchains/arm/new_gcc/lib/gcc/arm-none-eabi/14.2.1/thumb/v6-m/nofp;/home/santiago/Research/microfuzz/toolchains/arm/new_gcc/arm-none-eabi/lib/thumb/v6-m/nofp;/home/santiago/Research/microfuzz/toolchains/arm/new_gcc/lib/gcc/arm-none-eabi/14.2.1;/home/santiago/Research/microfuzz/toolchains/arm/new_gcc/lib/gcc;/home/santiago/Research/microfuzz/toolchains/arm/new_gcc/arm-none-eabi/lib]
  implicit fwks: []


Detecting CXX compiler ABI info compiled with the following output:
Change Dir: /home/santiago/Research/microfuzz/on_board/RP2040/code/CMakeFiles/CMakeScratch/TryCompile-5enYDn

Run Build Command(s):/usr/bin/gmake -f Makefile cmTC_3a78e/fast && /usr/bin/gmake  -f CMakeFiles/cmTC_3a78e.dir/build.make CMakeFiles/cmTC_3a78e.dir/build
gmake[1]: Entering directory '/home/santiago/Research/microfuzz/on_board/RP2040/code/CMakeFiles/CMakeScratch/TryCompile-5enYDn'
Building CXX object CMakeFiles/cmTC_3a78e.dir/CMakeCXXCompilerABI.cpp.o
/home/santiago/Research/microfuzz/toolchains/arm/new_gcc/bin/arm-none-eabi-g++   -mcpu=cortex-m0plus -mthumb    -v -o CMakeFiles/cmTC_3a78e.dir/CMakeCXXCompilerABI.cpp.o -c /usr/share/cmake-3.25/Modules/CMakeCXXCompilerABI.cpp
Using built-in specs.
COLLECT_GCC=/home/santiago/Research/microfuzz/toolchains/arm/new_gcc/bin/arm-none-eabi-g++
Target: arm-none-eabi
Configured with: /data/jenkins/workspace/GNU-toolchain/arm-14/src/gcc/configure --target=arm-none-eabi --prefix=/data/jenkins/workspace/GNU-toolchain/arm-14/build-arm-none-eabi/install --with-gmp=/data/jenkins/workspace/GNU-toolchain/arm-14/build-arm-none-eabi/host-tools --with-mpfr=/data/jenkins/workspace/GNU-toolchain/arm-14/build-arm-none-eabi/host-tools --with-mpc=/data/jenkins/workspace/GNU-toolchain/arm-14/build-arm-none-eabi/host-tools --with-isl=/data/jenkins/workspace/GNU-toolchain/arm-14/build-arm-none-eabi/host-tools --disable-shared --disable-nls --disable-threads --disable-tls --enable-checking=release --enable-languages=c,c++,fortran --with-newlib --with-gnu-as --with-headers=yes --with-gnu-ld --with-native-system-header-dir=/include --with-sysroot=/data/jenkins/workspace/GNU-toolchain/arm-14/build-arm-none-eabi/install/arm-none-eabi --with-bugurl=https://bugs.linaro.org/ --with-multilib-list=aprofile,rmprofile --with-pkgversion='Arm GNU Toolchain 14.2.Rel1 (Build arm-14.52)'
Thread model: single
Supported LTO compression algorithms: zlib zstd
gcc version 14.2.1 20241119 (Arm GNU Toolchain 14.2.Rel1 (Build arm-14.52)) 
COLLECT_GCC_OPTIONS='-mcpu=cortex-m0plus' '-mthumb' '-v' '-o' 'CMakeFiles/cmTC_3a78e.dir/CMakeCXXCompilerABI.cpp.o' '-c' '-mfloat-abi=soft' '-mlibarch=armv6s-m' '-march=armv6s-m' '-dumpdir' 'CMakeFiles/cmTC_3a78e.dir/'
 /home/santiago/Research/microfuzz/toolchains/arm/new_gcc/bin/../libexec/gcc/arm-none-eabi/14.2.1/cc1plus -quiet -v -imultilib thumb/v6-m/nofp -iprefix /home/santiago/Research/microfuzz/toolchains/arm/new_gcc/bin/../lib/gcc/arm-none-eabi/14.2.1/ -isysroot /home/santiago/Research/microfuzz/toolchains/arm/new_gcc/bin/../arm-none-eabi -D__USES_INITFINI__ /usr/share/cmake-3.25/Modules/CMakeCXXCompilerABI.cpp -quiet -dumpdir CMakeFiles/cmTC_3a78e.dir/ -dumpbase CMakeCXXCompilerABI.cpp.cpp -dumpbase-ext .cpp -mcpu=cortex-m0plus -mthumb -mfloat-abi=soft -mlibarch=armv6s-m -march=armv6s-m -version -o /tmp/ccto7jV1.s
GNU C++17 (Arm GNU Toolchain 14.2.Rel1 (Build arm-14.52)) version 14.2.1 20241119 (arm-none-eabi)
	compiled by GNU C version 9.2.1 20191120 (Red Hat 9.2.1-2), GMP version 6.2.1, MPFR version 3.1.6, MPC version 1.0.3, isl version isl-0.15-1-g835ea3a-GMP

GGC heuristics: --param ggc-min-expand=100 --param ggc-min-heapsize=131072
ignoring duplicate directory "/home/santiago/Research/microfuzz/toolchains/arm/new_gcc/bin/../lib/gcc/../../lib/gcc/arm-none-eabi/14.2.1/../../../../arm-none-eabi/include/c++/14.2.1"
ignoring duplicate directory "/home/santiago/Research/microfuzz/toolchains/arm/new_gcc/bin/../lib/gcc/../../lib/gcc/arm-none-eabi/14.2.1/../../../../arm-none-eabi/include/c++/14.2.1/arm-none-eabi/thumb/v6-m/nofp"
ignoring duplicate directory "/home/santiago/Research/microfuzz/toolchains/arm/new_gcc/bin/../lib/gcc/../../lib/gcc/arm-none-eabi/14.2.1/../../../../arm-none-eabi/include/c++/14.2.1/backward"
ignoring duplicate directory "/home/santiago/Research/microfuzz/toolchains/arm/new_gcc/bin/../lib/gcc/../../lib/gcc/arm-none-eabi/14.2.1/include"
ignoring nonexistent directory "/home/santiago/Research/microfuzz/toolchains/arm/new_gcc/bin/../arm-none-eabi/usr/local/include"
ignoring duplicate directory "/home/santiago/Research/microfuzz/toolchains/arm/new_gcc/bin/../lib/gcc/../../lib/gcc/arm-none-eabi/14.2.1/include-fixed"
ignoring duplicate directory "/home/santiago/Research/microfuzz/toolchains/arm/new_gcc/bin/../lib/gcc/../../lib/gcc/arm-none-eabi/14.2.1/../../../../arm-none-eabi/include"
ignoring duplicate directory "/home/santiago/Research/microfuzz/toolchains/arm/new_gcc/bin/../arm-none-eabi/include"
#include "..." search starts here:
#include <...> search starts here:
 /home/santiago/Research/microfuzz/toolchains/arm/new_gcc/bin/../lib/gcc/arm-none-eabi/14.2.1/../../../../arm-none-eabi/include/c++/14.2.1
 /home/santiago/Research/microfuzz/toolchains/arm/new_gcc/bin/../lib/gcc/arm-none-eabi/14.2.1/../../../../arm-none-eabi/include/c++/14.2.1/arm-none-eabi/thumb/v6-m/nofp
 /home/santiago/Research/microfuzz/toolchains/arm/new_gcc/bin/../lib/gcc/arm-none-eabi/14.2.1/../../../../arm-none-eabi/include/c++/14.2.1/backward
 /home/santiago/Research/microfuzz/toolchains/arm/new_gcc/bin/../lib/gcc/arm-none-eabi/14.2.1/include
 /home/santiago/Research/microfuzz/toolchains/arm/new_gcc/bin/../lib/gcc/arm-none-eabi/14.2.1/include-fixed
 /home/santiago/Research/microfuzz/toolchains/arm/new_gcc/bin/../lib/gcc/arm-none-eabi/14.2.1/../../../../arm-none-eabi/include
End of search list.
Compiler executable checksum: 761a3593099dc796ffc611563edb6c2e
COLLECT_GCC_OPTIONS='-mcpu=cortex-m0plus' '-mthumb' '-v' '-o' 'CMakeFiles/cmTC_3a78e.dir/CMakeCXXCompilerABI.cpp.o' '-c' '-mfloat-abi=soft' '-mlibarch=armv6s-m' '-march=armv6s-m' '-dumpdir' 'CMakeFiles/cmTC_3a78e.dir/'
 /home/santiago/Research/microfuzz/toolchains/arm/new_gcc/bin/../lib/gcc/arm-none-eabi/14.2.1/../../../../arm-none-eabi/bin/as -v -march=armv6s-m -mfloat-abi=soft -meabi=5 -o CMakeFiles/cmTC_3a78e.dir/CMakeCXXCompilerABI.cpp.o /tmp/ccto7jV1.s
GNU assembler version 2.43.1 (arm-none-eabi) using BFD version (Arm GNU Toolchain 14.2.Rel1 (Build arm-14.52)) 2.43.1.20241119
COMPILER_PATH=/home/santiago/Research/microfuzz/toolchains/arm/new_gcc/bin/../libexec/gcc/arm-none-eabi/14.2.1/:/home/santiago/Research/microfuzz/toolchains/arm/new_gcc/bin/../libexec/gcc/:/home/santiago/Research/microfuzz/toolchains/arm/new_gcc/bin/../lib/gcc/arm-none-eabi/14.2.1/../../../../arm-none-eabi/bin/
LIBRARY_PATH=/home/santiago/Research/microfuzz/toolchains/arm/new_gcc/bin/../lib/gcc/arm-none-eabi/14.2.1/thumb/v6-m/nofp/:/home/santiago/Research/microfuzz/toolchains/arm/new_gcc/bin/../lib/gcc/arm-none-eabi/14.2.1/../../../../arm-none-eabi/lib/thumb/v6-m/nofp/:/home/santiago/Research/microfuzz/toolchains/arm/new_gcc/bin/../arm-none-eabi/lib/thumb/v6-m/nofp/:/home/santiago/Research/microfuzz/toolchains/arm/new_gcc/bin/../lib/gcc/arm-none-eabi/14.2.1/:/home/santiago/Research/microfuzz/toolchains/arm/new_gcc/bin/../lib/gcc/:/home/santiago/Research/microfuzz/toolchains/arm/new_gcc/bin/../lib/gcc/arm-none-eabi/14.2.1/../../../../arm-none-eabi/lib/:/home/santiago/Research/microfuzz/toolchains/arm/new_gcc/bin/../arm-none-eabi/lib/
COLLECT_GCC_OPTIONS='-mcpu=cortex-m0plus' '-mthumb' '-v' '-o' 'CMakeFiles/cmTC_3a78e.dir/CMakeCXXCompilerABI.cpp.o' '-c' '-mfloat-abi=soft' '-mlibarch=armv6s-m' '-march=armv6s-m' '-dumpdir' 'CMakeFiles/cmTC_3a78e.dir/CMakeCXXCompilerABI.cpp.'
Linking CXX executable cmTC_3a78e.elf
/usr/bin/cmake -E cmake_link_script CMakeFiles/cmTC_3a78e.dir/link.txt --verbose=1
/home/santiago/Research/microfuzz/toolchains/arm/new_gcc/bin/arm-none-eabi-g++ -mcpu=cortex-m0plus -mthumb  -Wl,--build-id=none -nostdlib  -v CMakeFiles/cmTC_3a78e.dir/CMakeCXXCompilerABI.cpp.o -o cmTC_3a78e.elf 
Using built-in specs.
COLLECT_GCC=/home/santiago/Research/microfuzz/toolchains/arm/new_gcc/bin/arm-none-eabi-g++
COLLECT_LTO_WRAPPER=/home/santiago/Research/microfuzz/toolchains/arm/new_gcc/bin/../libexec/gcc/arm-none-eabi/14.2.1/lto-wrapper
Target: arm-none-eabi
Configured with: /data/jenkins/workspace/GNU-toolchain/arm-14/src/gcc/configure --target=arm-none-eabi --prefix=/data/jenkins/workspace/GNU-toolchain/arm-14/build-arm-none-eabi/install --with-gmp=/data/jenkins/workspace/GNU-toolchain/arm-14/build-arm-none-eabi/host-tools --with-mpfr=/data/jenkins/workspace/GNU-toolchain/arm-14/build-arm-none-eabi/host-tools --with-mpc=/data/jenkins/workspace/GNU-toolchain/arm-14/build-arm-none-eabi/host-tools --with-isl=/data/jenkins/workspace/GNU-toolchain/arm-14/build-arm-none-eabi/host-tools --disable-shared --disable-nls --disable-threads --disable-tls --enable-checking=release --enable-languages=c,c++,fortran --with-newlib --with-gnu-as --with-headers=yes --with-gnu-ld --with-native-system-header-dir=/include --with-sysroot=/data/jenkins/workspace/GNU-toolchain/arm-14/build-arm-none-eabi/install/arm-none-eabi --with-bugurl=https://bugs.linaro.org/ --with-multilib-list=aprofile,rmprofile --with-pkgversion='Arm GNU Toolchain 14.2.Rel1 (Build arm-14.52)'
Thread model: single
Supported LTO compression algorithms: zlib zstd
gcc version 14.2.1 20241119 (Arm GNU Toolchain 14.2.Rel1 (Build arm-14.52)) 
COMPILER_PATH=/home/santiago/Research/microfuzz/toolchains/arm/new_gcc/bin/../libexec/gcc/arm-none-eabi/14.2.1/:/home/santiago/Research/microfuzz/toolchains/arm/new_gcc/bin/../libexec/gcc/:/home/santiago/Research/microfuzz/toolchains/arm/new_gcc/bin/../lib/gcc/arm-none-eabi/14.2.1/../../../../arm-none-eabi/bin/
LIBRARY_PATH=/home/santiago/Research/microfuzz/toolchains/arm/new_gcc/bin/../lib/gcc/arm-none-eabi/14.2.1/thumb/v6-m/nofp/:/home/santiago/Research/microfuzz/toolchains/arm/new_gcc/bin/../lib/gcc/arm-none-eabi/14.2.1/../../../../arm-none-eabi/lib/thumb/v6-m/nofp/:/home/santiago/Research/microfuzz/toolchains/arm/new_gcc/bin/../arm-none-eabi/lib/thumb/v6-m/nofp/:/home/santiago/Research/microfuzz/toolchains/arm/new_gcc/bin/../lib/gcc/arm-none-eabi/14.2.1/:/home/santiago/Research/microfuzz/toolchains/arm/new_gcc/bin/../lib/gcc/:/home/santiago/Research/microfuzz/toolchains/arm/new_gcc/bin/../lib/gcc/arm-none-eabi/14.2.1/../../../../arm-none-eabi/lib/:/home/santiago/Research/microfuzz/toolchains/arm/new_gcc/bin/../arm-none-eabi/lib/
COLLECT_GCC_OPTIONS='-mcpu=cortex-m0plus' '-mthumb' '-nostdlib' '-v' '-o' 'cmTC_3a78e.elf' '-mfloat-abi=soft' '-mlibarch=armv6s-m' '-march=armv6s-m' '-dumpdir' 'cmTC_3a78e.elf.'
 /home/santiago/Research/microfuzz/toolchains/arm/new_gcc/bin/../libexec/gcc/arm-none-eabi/14.2.1/collect2 -plugin /home/santiago/Research/microfuzz/toolchains/arm/new_gcc/bin/../libexec/gcc/arm-none-eabi/14.2.1/liblto_plugin.so -plugin-opt=/home/santiago/Research/microfuzz/toolchains/arm/new_gcc/bin/../libexec/gcc/arm-none-eabi/14.2.1/lto-wrapper -plugin-opt=-fresolution=/tmp/ccKGbKTY.res --sysroot=/home/santiago/Research/microfuzz/toolchains/arm/new_gcc/bin/../arm-none-eabi -X -o cmTC_3a78e.elf -L/home/santiago/Research/microfuzz/toolchains/arm/new_gcc/bin/../lib/gcc/arm-none-eabi/14.2.1/thumb/v6-m/nofp -L/home/santiago/Research/microfuzz/toolchains/arm/new_gcc/bin/../lib/gcc/arm-none-eabi/14.2.1/../../../../arm-none-eabi/lib/thumb/v6-m/nofp -L/home/santiago/Research/microfuzz/toolchains/arm/new_gcc/bin/../arm-none-eabi/lib/thumb/v6-m/nofp -L/home/santiago/Research/microfuzz/toolchains/arm/new_gcc/bin/../lib/gcc/arm-none-eabi/14.2.1 -L/home/santiago/Research/microfuzz/toolchains/arm/new_gcc/bin/../lib/gcc -L/home/santiago/Research/microfuzz/toolchains/arm/new_gcc/bin/../lib/gcc/arm-none-eabi/14.2.1/../../../../arm-none-eabi/lib -L/home/santiago/Research/microfuzz/toolchains/arm/new_gcc/bin/../arm-none-eabi/lib --build-id=none CMakeFiles/cmTC_3a78e.dir/CMakeCXXCompilerABI.cpp.o
/home/santiago/Research/microfuzz/toolchains/arm/new_gcc/bin/../lib/gcc/arm-none-eabi/14.2.1/../../../../arm-none-eabi/bin/ld: warning: cannot find entry symbol _start; defaulting to 00008000
COLLECT_GCC_OPTIONS='-mcpu=cortex-m0plus' '-mthumb' '-nostdlib' '-v' '-o' 'cmTC_3a78e.elf' '-mfloat-abi=soft' '-mlibarch=armv6s-m' '-march=armv6s-m' '-dumpdir' 'cmTC_3a78e.elf.'
gmake[1]: Leaving directory '/home/santiago/Research/microfuzz/on_board/RP2040/code/CMakeFiles/CMakeScratch/TryCompile-5enYDn'



Parsed CXX implicit include dir info from above output: rv=done
  found start of include info
  found start of implicit include info
    add: [/home/santiago/Research/microfuzz/toolchains/arm/new_gcc/bin/../lib/gcc/arm-none-eabi/14.2.1/../../../../arm-none-eabi/include/c++/14.2.1]
    add: [/home/santiago/Research/microfuzz/toolchains/arm/new_gcc/bin/../lib/gcc/arm-none-eabi/14.2.1/../../../../arm-none-eabi/include/c++/14.2.1/arm-none-eabi/thumb/v6-m/nofp]
    add: [/home/santiago/Research/microfuzz/toolchains/arm/new_gcc/bin/../lib/gcc/arm-none-eabi/14.2.1/../../../../arm-none-eabi/include/c++/14.2.1/backward]
    add: [/home/santiago/Research/microfuzz/toolchains/arm/new_gcc/bin/../lib/gcc/arm-none-eabi/14.2.1/include]
    add: [/home/santiago/Research/microfuzz/toolchains/arm/new_gcc/bin/../lib/gcc/arm-none-eabi/14.2.1/include-fixed]
    add: [/home/santiago/Research/microfuzz/toolchains/arm/new_gcc/bin/../lib/gcc/arm-none-eabi/14.2.1/../../../../arm-none-eabi/include]
  end of search list found
  collapse include dir [/home/santiago/Research/microfuzz/toolchains/arm/new_gcc/bin/../lib/gcc/arm-none-eabi/14.2.1/../../../../arm-none-eabi/include/c++/14.2.1] ==> [/home/santiago/Research/microfuzz/toolchains/arm/new_gcc/arm-none-eabi/include/c++/14.2.1]
  collapse include dir [/home/santiago/Research/microfuzz/toolchains/arm/new_gcc/bin/../lib/gcc/arm-none-eabi/14.2.1/../../../../arm-none-eabi/include/c++/14.2.1/arm-none-eabi/thumb/v6-m/nofp] ==> [/home/santiago/Research/microfuzz/toolchains/arm/new_gcc/arm-none-eabi/include/c++/14.2.1/arm-none-eabi/thumb/v6-m/nofp]
  collapse include dir [/home/santiago/Research/microfuzz/toolchains/arm/new_gcc/bin/../lib/gcc/arm-none-eabi/14.2.1/../../../../arm-none-eabi/include/c++/14.2.1/backward] ==> [/home/santiago/Research/microfuzz/toolchains/arm/new_gcc/arm-none-eabi/include/c++/14.2.1/backward]
  collapse include dir [/home/santiago/Research/microfuzz/toolchains/arm/new_gcc/bin/../lib/gcc/arm-none-eabi/14.2.1/include] ==> [/home/santiago/Research/microfuzz/toolchains/arm/new_gcc/lib/gcc/arm-none-eabi/14.2.1/include]
  collapse include dir [/home/santiago/Research/microfuzz/toolchains/arm/new_gcc/bin/../lib/gcc/arm-none-eabi/14.2.1/include-fixed] ==> [/home/santiago/Research/microfuzz/toolchains/arm/new_gcc/lib/gcc/arm-none-eabi/14.2.1/include-fixed]
  collapse include dir [/home/santiago/Research/microfuzz/toolchains/arm/new_gcc/bin/../lib/gcc/arm-none-eabi/14.2.1/../../../../arm-none-eabi/include] ==> [/home/santiago/Research/microfuzz/toolchains/arm/new_gcc/arm-none-eabi/include]
  implicit include dirs: [/home/santiago/Research/microfuzz/toolchains/arm/new_gcc/arm-none-eabi/include/c++/14.2.1;/home/santiago/Research/microfuzz/toolchains/arm/new_gcc/arm-none-eabi/include/c++/14.2.1/arm-none-eabi/thumb/v6-m/nofp;/home/santiago/Research/microfuzz/toolchains/arm/new_gcc/arm-none-eabi/include/c++/14.2.1/backward;/home/santiago/Research/microfuzz/toolchains/arm/new_gcc/lib/gcc/arm-none-eabi/14.2.1/include;/home/santiago/Research/microfuzz/toolchains/arm/new_gcc/lib/gcc/arm-none-eabi/14.2.1/include-fixed;/home/santiago/Research/microfuzz/toolchains/arm/new_gcc/arm-none-eabi/include]


Parsed CXX implicit link information from above output:
  link line regex: [^( *|.*[/\])(arm-none-eabi-ld|CMAKE_LINK_STARTFILE-NOTFOUND|([^/\]+-)?ld|collect2)[^/\]*( |$)]
  ignore line: [Change Dir: /home/santiago/Research/microfuzz/on_board/RP2040/code/CMakeFiles/CMakeScratch/TryCompile-5enYDn]
  ignore line: []
  ignore line: [Run Build Command(s):/usr/bin/gmake -f Makefile cmTC_3a78e/fast && /usr/bin/gmake  -f CMakeFiles/cmTC_3a78e.dir/build.make CMakeFiles/cmTC_3a78e.dir/build]
  ignore line: [gmake[1]: Entering directory '/home/santiago/Research/microfuzz/on_board/RP2040/code/CMakeFiles/CMakeScratch/TryCompile-5enYDn']
  ignore line: [Building CXX object CMakeFiles/cmTC_3a78e.dir/CMakeCXXCompilerABI.cpp.o]
  ignore line: [/home/santiago/Research/microfuzz/toolchains/arm/new_gcc/bin/arm-none-eabi-g++   -mcpu=cortex-m0plus -mthumb    -v -o CMakeFiles/cmTC_3a78e.dir/CMakeCXXCompilerABI.cpp.o -c /usr/share/cmake-3.25/Modules/CMakeCXXCompilerABI.cpp]
  ignore line: [Using built-in specs.]
  ignore line: [COLLECT_GCC=/home/santiago/Research/microfuzz/toolchains/arm/new_gcc/bin/arm-none-eabi-g++]
  ignore line: [Target: arm-none-eabi]
  ignore line: [Configured with: /data/jenkins/workspace/GNU-toolchain/arm-14/src/gcc/configure --target=arm-none-eabi --prefix=/data/jenkins/workspace/GNU-toolchain/arm-14/build-arm-none-eabi/install --with-gmp=/data/jenkins/workspace/GNU-toolchain/arm-14/build-arm-none-eabi/host-tools --with-mpfr=/data/jenkins/workspace/GNU-toolchain/arm-14/build-arm-none-eabi/host-tools --with-mpc=/data/jenkins/workspace/GNU-toolchain/arm-14/build-arm-none-eabi/host-tools --with-isl=/data/jenkins/workspace/GNU-toolchain/arm-14/build-arm-none-eabi/host-tools --disable-shared --disable-nls --disable-threads --disable-tls --enable-checking=release --enable-languages=c,c++,fortran --with-newlib --with-gnu-as --with-headers=yes --with-gnu-ld --with-native-system-header-dir=/include --with-sysroot=/data/jenkins/workspace/GNU-toolchain/arm-14/build-arm-none-eabi/install/arm-none-eabi --with-bugurl=https://bugs.linaro.org/ --with-multilib-list=aprofile,rmprofile --with-pkgversion='Arm GNU Toolchain 14.2.Rel1 (Build arm-14.52)']
  ignore line: [Thread model: single]
  ignore line: [Supported LTO compression algorithms: zlib zstd]
  ignore line: [gcc version 14.2.1 20241119 (Arm GNU Toolchain 14.2.Rel1 (Build arm-14.52)) ]
  ignore line: [COLLECT_GCC_OPTIONS='-mcpu=cortex-m0plus' '-mthumb' '-v' '-o' 'CMakeFiles/cmTC_3a78e.dir/CMakeCXXCompilerABI.cpp.o' '-c' '-mfloat-abi=soft' '-mlibarch=armv6s-m' '-march=armv6s-m' '-dumpdir' 'CMakeFiles/cmTC_3a78e.dir/']
  ignore line: [ /home/santiago/Research/microfuzz/toolchains/arm/new_gcc/bin/../libexec/gcc/arm-none-eabi/14.2.1/cc1plus -quiet -v -imultilib thumb/v6-m/nofp -iprefix /home/santiago/Research/microfuzz/toolchains/arm/new_gcc/bin/../lib/gcc/arm-none-eabi/14.2.1/ -isysroot /home/santiago/Research/microfuzz/toolchains/arm/new_gcc/bin/../arm-none-eabi -D__USES_INITFINI__ /usr/share/cmake-3.25/Modules/CMakeCXXCompilerABI.cpp -quiet -dumpdir CMakeFiles/cmTC_3a78e.dir/ -dumpbase CMakeCXXCompilerABI.cpp.cpp -dumpbase-ext .cpp -mcpu=cortex-m0plus -mthumb -mfloat-abi=soft -mlibarch=armv6s-m -march=armv6s-m -version -o /tmp/ccto7jV1.s]
  ignore line: [GNU C++17 (Arm GNU Toolchain 14.2.Rel1 (Build arm-14.52)) version 14.2.1 20241119 (arm-none-eabi)]
  ignore line: [	compiled by GNU C version 9.2.1 20191120 (Red Hat 9.2.1-2)  GMP version 6.2.1  MPFR version 3.1.6  MPC version 1.0.3  isl version isl-0.15-1-g835ea3a-GMP]
  ignore line: []
  ignore line: [GGC heuristics: --param ggc-min-expand=100 --param ggc-min-heapsize=131072]
  ignore line: [ignoring duplicate directory "/home/santiago/Research/microfuzz/toolchains/arm/new_gcc/bin/../lib/gcc/../../lib/gcc/arm-none-eabi/14.2.1/../../../../arm-none-eabi/include/c++/14.2.1"]
  ignore line: [ignoring duplicate directory "/home/santiago/Research/microfuzz/toolchains/arm/new_gcc/bin/../lib/gcc/../../lib/gcc/arm-none-eabi/14.2.1/../../../../arm-none-eabi/include/c++/14.2.1/arm-none-eabi/thumb/v6-m/nofp"]
  ignore line: [ignoring duplicate directory "/home/santiago/Research/microfuzz/toolchains/arm/new_gcc/bin/../lib/gcc/../../lib/gcc/arm-none-eabi/14.2.1/../../../../arm-none-eabi/include/c++/14.2.1/backward"]
  ignore line: [ignoring duplicate directory "/home/santiago/Research/microfuzz/toolchains/arm/new_gcc/bin/../lib/gcc/../../lib/gcc/arm-none-eabi/14.2.1/include"]
  ignore line: [ignoring nonexistent directory "/home/santiago/Research/microfuzz/toolchains/arm/new_gcc/bin/../arm-none-eabi/usr/local/include"]
  ignore line: [ignoring duplicate directory "/home/santiago/Research/microfuzz/toolchains/arm/new_gcc/bin/../lib/gcc/../../lib/gcc/arm-none-eabi/14.2.1/include-fixed"]
  ignore line: [ignoring duplicate directory "/home/santiago/Research/microfuzz/toolchains/arm/new_gcc/bin/../lib/gcc/../../lib/gcc/arm-none-eabi/14.2.1/../../../../arm-none-eabi/include"]
  ignore line: [ignoring duplicate directory "/home/santiago/Research/microfuzz/toolchains/arm/new_gcc/bin/../arm-none-eabi/include"]
  ignore line: [#include "..." search starts here:]
  ignore line: [#include <...> search starts here:]
  ignore line: [ /home/santiago/Research/microfuzz/toolchains/arm/new_gcc/bin/../lib/gcc/arm-none-eabi/14.2.1/../../../../arm-none-eabi/include/c++/14.2.1]
  ignore line: [ /home/santiago/Research/microfuzz/toolchains/arm/new_gcc/bin/../lib/gcc/arm-none-eabi/14.2.1/../../../../arm-none-eabi/include/c++/14.2.1/arm-none-eabi/thumb/v6-m/nofp]
  ignore line: [ /home/santiago/Research/microfuzz/toolchains/arm/new_gcc/bin/../lib/gcc/arm-none-eabi/14.2.1/../../../../arm-none-eabi/include/c++/14.2.1/backward]
  ignore line: [ /home/santiago/Research/microfuzz/toolchains/arm/new_gcc/bin/../lib/gcc/arm-none-eabi/14.2.1/include]
  ignore line: [ /home/santiago/Research/microfuzz/toolchains/arm/new_gcc/bin/../lib/gcc/arm-none-eabi/14.2.1/include-fixed]
  ignore line: [ /home/santiago/Research/microfuzz/toolchains/arm/new_gcc/bin/../lib/gcc/arm-none-eabi/14.2.1/../../../../arm-none-eabi/include]
  ignore line: [End of search list.]
  ignore line: [Compiler executable checksum: 761a3593099dc796ffc611563edb6c2e]
  ignore line: [COLLECT_GCC_OPTIONS='-mcpu=cortex-m0plus' '-mthumb' '-v' '-o' 'CMakeFiles/cmTC_3a78e.dir/CMakeCXXCompilerABI.cpp.o' '-c' '-mfloat-abi=soft' '-mlibarch=armv6s-m' '-march=armv6s-m' '-dumpdir' 'CMakeFiles/cmTC_3a78e.dir/']
  ignore line: [ /home/santiago/Research/microfuzz/toolchains/arm/new_gcc/bin/../lib/gcc/arm-none-eabi/14.2.1/../../../../arm-none-eabi/bin/as -v -march=armv6s-m -mfloat-abi=soft -meabi=5 -o CMakeFiles/cmTC_3a78e.dir/CMakeCXXCompilerABI.cpp.o /tmp/ccto7jV1.s]
  ignore line: [GNU assembler version 2.43.1 (arm-none-eabi) using BFD version (Arm GNU Toolchain 14.2.Rel1 (Build arm-14.52)) 2.43.1.20241119]
  ignore line: [COMPILER_PATH=/home/santiago/Research/microfuzz/toolchains/arm/new_gcc/bin/../libexec/gcc/arm-none-eabi/14.2.1/:/home/santiago/Research/microfuzz/toolchains/arm/new_gcc/bin/../libexec/gcc/:/home/santiago/Research/microfuzz/toolchains/arm/new_gcc/bin/../lib/gcc/arm-none-eabi/14.2.1/../../../../arm-none-eabi/bin/]
  ignore line: [LIBRARY_PATH=/home/santiago/Research/microfuzz/toolchains/arm/new_gcc/bin/../lib/gcc/arm-none-eabi/14.2.1/thumb/v6-m/nofp/:/home/santiago/Research/microfuzz/toolchains/arm/new_gcc/bin/../lib/gcc/arm-none-eabi/14.2.1/../../../../arm-none-eabi/lib/thumb/v6-m/nofp/:/home/santiago/Research/microfuzz/toolchains/arm/new_gcc/bin/../arm-none-eabi/lib/thumb/v6-m/nofp/:/home/santiago/Research/microfuzz/toolchains/arm/new_gcc/bin/../lib/gcc/arm-none-eabi/14.2.1/:/home/santiago/Research/microfuzz/toolchains/arm/new_gcc/bin/../lib/gcc/:/home/santiago/Research/microfuzz/toolchains/arm/new_gcc/bin/../lib/gcc/arm-none-eabi/14.2.1/../../../../arm-none-eabi/lib/:/home/santiago/Research/microfuzz/toolchains/arm/new_gcc/bin/../arm-none-eabi/lib/]
  ignore line: [COLLECT_GCC_OPTIONS='-mcpu=cortex-m0plus' '-mthumb' '-v' '-o' 'CMakeFiles/cmTC_3a78e.dir/CMakeCXXCompilerABI.cpp.o' '-c' '-mfloat-abi=soft' '-mlibarch=armv6s-m' '-march=armv6s-m' '-dumpdir' 'CMakeFiles/cmTC_3a78e.dir/CMakeCXXCompilerABI.cpp.']
  ignore line: [Linking CXX executable cmTC_3a78e.elf]
  ignore line: [/usr/bin/cmake -E cmake_link_script CMakeFiles/cmTC_3a78e.dir/link.txt --verbose=1]
  ignore line: [/home/santiago/Research/microfuzz/toolchains/arm/new_gcc/bin/arm-none-eabi-g++ -mcpu=cortex-m0plus -mthumb  -Wl --build-id=none -nostdlib  -v CMakeFiles/cmTC_3a78e.dir/CMakeCXXCompilerABI.cpp.o -o cmTC_3a78e.elf ]
  ignore line: [Using built-in specs.]
  ignore line: [COLLECT_GCC=/home/santiago/Research/microfuzz/toolchains/arm/new_gcc/bin/arm-none-eabi-g++]
  ignore line: [COLLECT_LTO_WRAPPER=/home/santiago/Research/microfuzz/toolchains/arm/new_gcc/bin/../libexec/gcc/arm-none-eabi/14.2.1/lto-wrapper]
  ignore line: [Target: arm-none-eabi]
  ignore line: [Configured with: /data/jenkins/workspace/GNU-toolchain/arm-14/src/gcc/configure --target=arm-none-eabi --prefix=/data/jenkins/workspace/GNU-toolchain/arm-14/build-arm-none-eabi/install --with-gmp=/data/jenkins/workspace/GNU-toolchain/arm-14/build-arm-none-eabi/host-tools --with-mpfr=/data/jenkins/workspace/GNU-toolchain/arm-14/build-arm-none-eabi/host-tools --with-mpc=/data/jenkins/workspace/GNU-toolchain/arm-14/build-arm-none-eabi/host-tools --with-isl=/data/jenkins/workspace/GNU-toolchain/arm-14/build-arm-none-eabi/host-tools --disable-shared --disable-nls --disable-threads --disable-tls --enable-checking=release --enable-languages=c,c++,fortran --with-newlib --with-gnu-as --with-headers=yes --with-gnu-ld --with-native-system-header-dir=/include --with-sysroot=/data/jenkins/workspace/GNU-toolchain/arm-14/build-arm-none-eabi/install/arm-none-eabi --with-bugurl=https://bugs.linaro.org/ --with-multilib-list=aprofile,rmprofile --with-pkgversion='Arm GNU Toolchain 14.2.Rel1 (Build arm-14.52)']
  ignore line: [Thread model: single]
  ignore line: [Supported LTO compression algorithms: zlib zstd]
  ignore line: [gcc version 14.2.1 20241119 (Arm GNU Toolchain 14.2.Rel1 (Build arm-14.52)) ]
  ignore line: [COMPILER_PATH=/home/santiago/Research/microfuzz/toolchains/arm/new_gcc/bin/../libexec/gcc/arm-none-eabi/14.2.1/:/home/santiago/Research/microfuzz/toolchains/arm/new_gcc/bin/../libexec/gcc/:/home/santiago/Research/microfuzz/toolchains/arm/new_gcc/bin/../lib/gcc/arm-none-eabi/14.2.1/../../../../arm-none-eabi/bin/]
  ignore line: [LIBRARY_PATH=/home/santiago/Research/microfuzz/toolchains/arm/new_gcc/bin/../lib/gcc/arm-none-eabi/14.2.1/thumb/v6-m/nofp/:/home/santiago/Research/microfuzz/toolchains/arm/new_gcc/bin/../lib/gcc/arm-none-eabi/14.2.1/../../../../arm-none-eabi/lib/thumb/v6-m/nofp/:/home/santiago/Research/microfuzz/toolchains/arm/new_gcc/bin/../arm-none-eabi/lib/thumb/v6-m/nofp/:/home/santiago/Research/microfuzz/toolchains/arm/new_gcc/bin/../lib/gcc/arm-none-eabi/14.2.1/:/home/santiago/Research/microfuzz/toolchains/arm/new_gcc/bin/../lib/gcc/:/home/santiago/Research/microfuzz/toolchains/arm/new_gcc/bin/../lib/gcc/arm-none-eabi/14.2.1/../../../../arm-none-eabi/lib/:/home/santiago/Research/microfuzz/toolchains/arm/new_gcc/bin/../arm-none-eabi/lib/]
  ignore line: [COLLECT_GCC_OPTIONS='-mcpu=cortex-m0plus' '-mthumb' '-nostdlib' '-v' '-o' 'cmTC_3a78e.elf' '-mfloat-abi=soft' '-mlibarch=armv6s-m' '-march=armv6s-m' '-dumpdir' 'cmTC_3a78e.elf.']
  link line: [ /home/santiago/Research/microfuzz/toolchains/arm/new_gcc/bin/../libexec/gcc/arm-none-eabi/14.2.1/collect2 -plugin /home/santiago/Research/microfuzz/toolchains/arm/new_gcc/bin/../libexec/gcc/arm-none-eabi/14.2.1/liblto_plugin.so -plugin-opt=/home/santiago/Research/microfuzz/toolchains/arm/new_gcc/bin/../libexec/gcc/arm-none-eabi/14.2.1/lto-wrapper -plugin-opt=-fresolution=/tmp/ccKGbKTY.res --sysroot=/home/santiago/Research/microfuzz/toolchains/arm/new_gcc/bin/../arm-none-eabi -X -o cmTC_3a78e.elf -L/home/santiago/Research/microfuzz/toolchains/arm/new_gcc/bin/../lib/gcc/arm-none-eabi/14.2.1/thumb/v6-m/nofp -L/home/santiago/Research/microfuzz/toolchains/arm/new_gcc/bin/../lib/gcc/arm-none-eabi/14.2.1/../../../../arm-none-eabi/lib/thumb/v6-m/nofp -L/home/santiago/Research/microfuzz/toolchains/arm/new_gcc/bin/../arm-none-eabi/lib/thumb/v6-m/nofp -L/home/santiago/Research/microfuzz/toolchains/arm/new_gcc/bin/../lib/gcc/arm-none-eabi/14.2.1 -L/home/santiago/Research/microfuzz/toolchains/arm/new_gcc/bin/../lib/gcc -L/home/santiago/Research/microfuzz/toolchains/arm/new_gcc/bin/../lib/gcc/arm-none-eabi/14.2.1/../../../../arm-none-eabi/lib -L/home/santiago/Research/microfuzz/toolchains/arm/new_gcc/bin/../arm-none-eabi/lib --build-id=none CMakeFiles/cmTC_3a78e.dir/CMakeCXXCompilerABI.cpp.o]
    arg [/home/santiago/Research/microfuzz/toolchains/arm/new_gcc/bin/../libexec/gcc/arm-none-eabi/14.2.1/collect2] ==> ignore
    arg [-plugin] ==> ignore
    arg [/home/santiago/Research/microfuzz/toolchains/arm/new_gcc/bin/../libexec/gcc/arm-none-eabi/14.2.1/liblto_plugin.so] ==> ignore
    arg [-plugin-opt=/home/santiago/Research/microfuzz/toolchains/arm/new_gcc/bin/../libexec/gcc/arm-none-eabi/14.2.1/lto-wrapper] ==> ignore
    arg [-plugin-opt=-fresolution=/tmp/ccKGbKTY.res] ==> ignore
    arg [--sysroot=/home/santiago/Research/microfuzz/toolchains/arm/new_gcc/bin/../arm-none-eabi] ==> ignore
    arg [-X] ==> ignore
    arg [-o] ==> ignore
    arg [cmTC_3a78e.elf] ==> ignore
    arg [-L/home/santiago/Research/microfuzz/toolchains/arm/new_gcc/bin/../lib/gcc/arm-none-eabi/14.2.1/thumb/v6-m/nofp] ==> dir [/home/santiago/Research/microfuzz/toolchains/arm/new_gcc/bin/../lib/gcc/arm-none-eabi/14.2.1/thumb/v6-m/nofp]
    arg [-L/home/santiago/Research/microfuzz/toolchains/arm/new_gcc/bin/../lib/gcc/arm-none-eabi/14.2.1/../../../../arm-none-eabi/lib/thumb/v6-m/nofp] ==> dir [/home/santiago/Research/microfuzz/toolchains/arm/new_gcc/bin/../lib/gcc/arm-none-eabi/14.2.1/../../../../arm-none-eabi/lib/thumb/v6-m/nofp]
    arg [-L/home/santiago/Research/microfuzz/toolchains/arm/new_gcc/bin/../arm-none-eabi/lib/thumb/v6-m/nofp] ==> dir [/home/santiago/Research/microfuzz/toolchains/arm/new_gcc/bin/../arm-none-eabi/lib/thumb/v6-m/nofp]
    arg [-L/home/santiago/Research/microfuzz/toolchains/arm/new_gcc/bin/../lib/gcc/arm-none-eabi/14.2.1] ==> dir [/home/santiago/Research/microfuzz/toolchains/arm/new_gcc/bin/../lib/gcc/arm-none-eabi/14.2.1]
    arg [-L/home/santiago/Research/microfuzz/toolchains/arm/new_gcc/bin/../lib/gcc] ==> dir [/home/santiago/Research/microfuzz/toolchains/arm/new_gcc/bin/../lib/gcc]
    arg [-L/home/santiago/Research/microfuzz/toolchains/arm/new_gcc/bin/../lib/gcc/arm-none-eabi/14.2.1/../../../../arm-none-eabi/lib] ==> dir [/home/santiago/Research/microfuzz/toolchains/arm/new_gcc/bin/../lib/gcc/arm-none-eabi/14.2.1/../../../../arm-none-eabi/lib]
    arg [-L/home/santiago/Research/microfuzz/toolchains/arm/new_gcc/bin/../arm-none-eabi/lib] ==> dir [/home/santiago/Research/microfuzz/toolchains/arm/new_gcc/bin/../arm-none-eabi/lib]
    arg [--build-id=none] ==> ignore
    arg [CMakeFiles/cmTC_3a78e.dir/CMakeCXXCompilerABI.cpp.o] ==> ignore
  collapse library dir [/home/santiago/Research/microfuzz/toolchains/arm/new_gcc/bin/../lib/gcc/arm-none-eabi/14.2.1/thumb/v6-m/nofp] ==> [/home/santiago/Research/microfuzz/toolchains/arm/new_gcc/lib/gcc/arm-none-eabi/14.2.1/thumb/v6-m/nofp]
  collapse library dir [/home/santiago/Research/microfuzz/toolchains/arm/new_gcc/bin/../lib/gcc/arm-none-eabi/14.2.1/../../../../arm-none-eabi/lib/thumb/v6-m/nofp] ==> [/home/santiago/Research/microfuzz/toolchains/arm/new_gcc/arm-none-eabi/lib/thumb/v6-m/nofp]
  collapse library dir [/home/santiago/Research/microfuzz/toolchains/arm/new_gcc/bin/../arm-none-eabi/lib/thumb/v6-m/nofp] ==> [/home/santiago/Research/microfuzz/toolchains/arm/new_gcc/arm-none-eabi/lib/thumb/v6-m/nofp]
  collapse library dir [/home/santiago/Research/microfuzz/toolchains/arm/new_gcc/bin/../lib/gcc/arm-none-eabi/14.2.1] ==> [/home/santiago/Research/microfuzz/toolchains/arm/new_gcc/lib/gcc/arm-none-eabi/14.2.1]
  collapse library dir [/home/santiago/Research/microfuzz/toolchains/arm/new_gcc/bin/../lib/gcc] ==> [/home/santiago/Research/microfuzz/toolchains/arm/new_gcc/lib/gcc]
  collapse library dir [/home/santiago/Research/microfuzz/toolchains/arm/new_gcc/bin/../lib/gcc/arm-none-eabi/14.2.1/../../../../arm-none-eabi/lib] ==> [/home/santiago/Research/microfuzz/toolchains/arm/new_gcc/arm-none-eabi/lib]
  collapse library dir [/home/santiago/Research/microfuzz/toolchains/arm/new_gcc/bin/../arm-none-eabi/lib] ==> [/home/santiago/Research/microfuzz/toolchains/arm/new_gcc/arm-none-eabi/lib]
  implicit libs: []
  implicit objs: []
  implicit dirs: [/home/santiago/Research/microfuzz/toolchains/arm/new_gcc/lib/gcc/arm-none-eabi/14.2.1/thumb/v6-m/nofp;/home/santiago/Research/microfuzz/toolchains/arm/new_gcc/arm-none-eabi/lib/thumb/v6-m/nofp;/home/santiago/Research/microfuzz/toolchains/arm/new_gcc/lib/gcc/arm-none-eabi/14.2.1;/home/santiago/Research/microfuzz/toolchains/arm/new_gcc/lib/gcc;/home/santiago/Research/microfuzz/toolchains/arm/new_gcc/arm-none-eabi/lib]
  implicit fwks: []


