DEBUG:__main__:--------------------------------
DEBUG:__main__:LOG: Starting Microfuzz Debug Log
DEBUG:pygdbmi.gdbcontroller:Launching gdb: arm-none-eabi-gdb-py --interpreter=mi2
DEBUG:pygdbmi.IoManager:writing: -target-select remote localhost:3333
DEBUG:pygdbmi.IoManager:{'message': 'thread-group-added',
 'payload': {'id': 'i1'},
 'stream': 'stdout',
 'token': None,
 'type': 'notify'}
DEBUG:pygdbmi.IoManager:{'message': None,
 'payload': 'GNU gdb (Arm GNU Toolchain 14.2.Rel1 (Build arm-14.52)) '
            '15.2.90.20241130-git\n',
 'stream': 'stdout',
 'type': 'console'}
DEBUG:pygdbmi.IoManager:{'message': None,
 'payload': 'Copyright (C) 2024 Free Software Foundation, Inc.\n',
 'stream': 'stdout',
 'type': 'console'}
DEBUG:pygdbmi.IoManager:{'message': None,
 'payload': 'License GPLv3+: GNU GPL version 3 or later '
            '<http://gnu.org/licenses/gpl.html>\n'
            'This is free software: you are free to change and redistribute '
            'it.\n'
            'There is NO WARRANTY, to the extent permitted by law.',
 'stream': 'stdout',
 'type': 'console'}
DEBUG:pygdbmi.IoManager:{'message': None,
 'payload': '\nType "show copying" and "show warranty" for details.\n',
 'stream': 'stdout',
 'type': 'console'}
DEBUG:pygdbmi.IoManager:{'message': None,
 'payload': 'This GDB was configured as "--host=x86_64-pc-linux-gnu '
            '--target=arm-none-eabi".\n',
 'stream': 'stdout',
 'type': 'console'}
DEBUG:pygdbmi.IoManager:{'message': None,
 'payload': 'Type "show configuration" for configuration details.\n',
 'stream': 'stdout',
 'type': 'console'}
DEBUG:pygdbmi.IoManager:{'message': None,
 'payload': 'For bug reporting instructions, please see:\n',
 'stream': 'stdout',
 'type': 'console'}
DEBUG:pygdbmi.IoManager:{'message': None,
 'payload': '<https://bugs.linaro.org/>.\n',
 'stream': 'stdout',
 'type': 'console'}
DEBUG:pygdbmi.IoManager:{'message': None,
 'payload': 'Find the GDB manual and other documentation resources online at:\n'
            '    <',
 'stream': 'stdout',
 'type': 'console'}
DEBUG:pygdbmi.IoManager:{'message': None,
 'payload': 'http://www.gnu.org/software/gdb/documentation/>.\n\n',
 'stream': 'stdout',
 'type': 'console'}
DEBUG:pygdbmi.IoManager:{'message': None,
 'payload': 'For help, type "help".\n',
 'stream': 'stdout',
 'type': 'console'}
DEBUG:pygdbmi.IoManager:{'message': None,
 'payload': 'Type "apropos word" to search for commands related to "word".\n',
 'stream': 'stdout',
 'type': 'console'}
DEBUG:pygdbmi.IoManager:{'message': 'thread-group-started',
 'payload': {'id': 'i1', 'pid': '42000'},
 'stream': 'stdout',
 'token': None,
 'type': 'notify'}
DEBUG:pygdbmi.IoManager:{'message': None,
 'payload': 'warning: No executable has been specified and target does not '
            'support\n'
            'determining executable automatically.  Try using the "file" '
            'command.',
 'stream': 'stdout',
 'type': 'log'}
DEBUG:pygdbmi.IoManager:{'message': None, 'payload': '\n', 'stream': 'stdout', 'type': 'log'}
DEBUG:pygdbmi.IoManager:{'message': 'thread-created',
 'payload': {'group-id': 'i1', 'id': '1'},
 'stream': 'stdout',
 'token': None,
 'type': 'notify'}
DEBUG:pygdbmi.IoManager:{'message': None,
 'payload': '0x20008a7a in ?? ()\n',
 'stream': 'stdout',
 'type': 'console'}
DEBUG:pygdbmi.IoManager:{'message': 'stopped',
 'payload': {'frame': {'addr': '0x20008a7a',
                       'arch': 'arm',
                       'args': [],
                       'func': '??'},
             'stopped-threads': 'all',
             'thread-id': '1'},
 'stream': 'stdout',
 'token': None,
 'type': 'notify'}
DEBUG:pygdbmi.IoManager:{'message': 'connected',
 'payload': None,
 'stream': 'stdout',
 'token': None,
 'type': 'result'}
DEBUG:pygdbmi.IoManager:writing: -interpreter-exec console "source command_extension.py"
DEBUG:pygdbmi.IoManager:{'message': 'done',
 'payload': None,
 'stream': 'stdout',
 'token': None,
 'type': 'result'}
DEBUG:pygdbmi.IoManager:writing: -file-exec-and-symbols ./build/Microfuzz.elf
DEBUG:pygdbmi.IoManager:{'message': 'done',
 'payload': None,
 'stream': 'stdout',
 'token': None,
 'type': 'result'}
DEBUG:pygdbmi.IoManager:writing: ['-interpreter-exec console "monitor reset halt"']
DEBUG:pygdbmi.IoManager:{'message': None,
 'payload': 'Unable to match requested speed 2000 kHz, using 1800 kHz\n',
 'stream': 'stdout',
 'type': 'target'}
DEBUG:pygdbmi.IoManager:{'message': None,
 'payload': 'Unable to set adapter speed\n',
 'stream': 'stdout',
 'type': 'target'}
DEBUG:pygdbmi.IoManager:{'message': None,
 'payload': 'Unable to match requested speed 2000 kHz, using 1800 kHz\n',
 'stream': 'stdout',
 'type': 'target'}
DEBUG:pygdbmi.IoManager:{'message': None,
 'payload': 'Fail reading CTRL/STAT register. Force reconnect\n',
 'stream': 'stdout',
 'type': 'target'}
DEBUG:pygdbmi.IoManager:{'message': None,
 'payload': 'SRST error\n',
 'stream': 'stdout',
 'type': 'target'}
DEBUG:pygdbmi.IoManager:{'message': None,
 'payload': 'Fail reading CTRL/STAT register. Force reconnect\n',
 'stream': 'stdout',
 'type': 'target'}
DEBUG:pygdbmi.IoManager:{'message': None,
 'payload': 'Fail reading CTRL/STAT register. Force reconnect\n',
 'stream': 'stdout',
 'type': 'target'}
DEBUG:pygdbmi.IoManager:{'message': None,
 'payload': 'Fail reading CTRL/STAT register. Force reconnect\n',
 'stream': 'stdout',
 'type': 'target'}
DEBUG:pygdbmi.IoManager:{'message': None,
 'payload': 'Fail reading CTRL/STAT register. Force reconnect\n',
 'stream': 'stdout',
 'type': 'target'}
DEBUG:pygdbmi.IoManager:{'message': None,
 'payload': '[STM32F446RETx.cpu] AP write error, reset will not halt\n',
 'stream': 'stdout',
 'type': 'target'}
DEBUG:pygdbmi.IoManager:{'message': None,
 'payload': 'Fail reading CTRL/STAT register. Force reconnect\n',
 'stream': 'stdout',
 'type': 'target'}
DEBUG:pygdbmi.IoManager:{'message': None,
 'payload': 'TARGET: STM32F446RETx.cpu - Not examined\n',
 'stream': 'stdout',
 'type': 'target'}
DEBUG:pygdbmi.IoManager:{'message': None,
 'payload': 'Protocol error with Rcmd: FC.\n',
 'stream': 'stdout',
 'type': 'log'}
DEBUG:pygdbmi.IoManager:{'message': 'error',
 'payload': {'msg': 'Protocol error with Rcmd: FC.'},
 'stream': 'stdout',
 'token': None,
 'type': 'result'}
DEBUG:pygdbmi.IoManager:writing: ['-target-download']
DEBUG:pygdbmi.IoManager:{'message': None,
 'payload': '+download,{section=".isr_vector",section-size="452",total-size="191394"}',
 'stream': 'stdout',
 'type': 'output'}
DEBUG:pygdbmi.IoManager:{'message': None,
 'payload': '+download,{section=".isr_vector",section-sent="452",section-size="452",total-sent="452",total-size="191394"}',
 'stream': 'stdout',
 'type': 'output'}
DEBUG:pygdbmi.IoManager:{'message': 'error',
 'payload': {'msg': 'Load failed'},
 'stream': 'stdout',
 'token': None,
 'type': 'result'}
DEBUG:pygdbmi.IoManager:writing: ['-exec-continue']
DEBUG:pygdbmi.IoManager:{'message': 'running',
 'payload': None,
 'stream': 'stdout',
 'token': None,
 'type': 'result'}
DEBUG:pygdbmi.IoManager:{'message': 'running',
 'payload': {'thread-id': 'all'},
 'stream': 'stdout',
 'token': None,
 'type': 'notify'}
DEBUG:pygdbmi.IoManager:{'message': None,
 'payload': 'warning: Remote failure reply: E0E\n',
 'stream': 'stdout',
 'type': 'log'}
DEBUG:pygdbmi.IoManager:{'message': None,
 'payload': "Remote 'g' packet reply is of odd length: E0E\n",
 'stream': 'stdout',
 'type': 'log'}
INFO:__main__:INFO: Program successfully loaded
INFO:__main__:INFO: Starting time 2025-09-01 16:42:52.102922.
DEBUG:__main__:DEBUG: -interpreter-exec console "coverage-breakpoint bubble_coverage 37853, 10"
DEBUG:pygdbmi.IoManager:writing: -interpreter-exec console "coverage-breakpoint bubble_coverage 37853 10"
DEBUG:pygdbmi.IoManager:{'message': None,
 'payload': "Python Exception <class 'gdb.error'>: Remote 'g' packet reply is "
            'of odd length: E0E\n',
 'stream': 'stdout',
 'type': 'log'}
DEBUG:pygdbmi.IoManager:{'message': None,
 'payload': "Error occurred in Python: Remote 'g' packet reply is of odd "
            'length: E0E\n',
 'stream': 'stdout',
 'type': 'log'}
DEBUG:pygdbmi.IoManager:{'message': 'error',
 'payload': {'msg': "Error occurred in Python: Remote 'g' packet reply is of "
                    'odd length: E0E'},
 'stream': 'stdout',
 'token': None,
 'type': 'result'}
DEBUG:__main__:DEBUG: -interpreter-exec console "coverage-breakpoint crash_handler 37853, 12"
DEBUG:pygdbmi.IoManager:writing: -interpreter-exec console "coverage-breakpoint crash_handler 37853 12"
DEBUG:pygdbmi.IoManager:{'message': None,
 'payload': "Python Exception <class 'gdb.error'>: Invalid hex digit 79\n",
 'stream': 'stdout',
 'type': 'log'}
DEBUG:pygdbmi.IoManager:{'message': None,
 'payload': 'Error occurred in Python: Invalid hex digit 79\n',
 'stream': 'stdout',
 'type': 'log'}
DEBUG:pygdbmi.IoManager:{'message': 'error',
 'payload': {'msg': 'Error occurred in Python: Invalid hex digit 79'},
 'stream': 'stdout',
 'token': None,
 'type': 'result'}
DEBUG:__main__:DEBUG: Random numbers chosen b'\xd9\xbd\xd1\x99', 3653095833
DEBUG:__main__:DEBUG: You are in write_memory.
DEBUG:__main__:DEBUG: Data to be written 3653095833
DEBUG:__main__:DEBUG: -data-write-memory-bytes &g_randomSeed 3653095833
DEBUG:pygdbmi.IoManager:writing: -data-write-memory-bytes &g_randomSeed 3653095833
DEBUG:pygdbmi.IoManager:{'message': 'error',
 'payload': {'msg': "Truncated register 0 in remote 'g' packet"},
 'stream': 'stdout',
 'token': None,
 'type': 'result'}
DEBUG:__main__:DEBUG: [{'type': 'result', 'message': 'error', 'payload': {'msg': "Truncated register 0 in remote 'g' packet"}, 'token': None, 'stream': 'stdout'}]
INFO:__main__:INFO: -data-read-memory-bytes &g_sutStartPtr 4
DEBUG:pygdbmi.IoManager:writing: -data-read-memory-bytes &g_sutStartPtr 4
DEBUG:pygdbmi.IoManager:{'message': 'error',
 'payload': {'msg': "Remote 'g' packet reply is of odd length: E0E"},
 'stream': 'stdout',
 'token': None,
 'type': 'result'}
INFO:__main__:INFO: GDB Response: [{'type': 'result', 'message': 'error', 'payload': {'msg': "Remote 'g' packet reply is of odd length: E0E"}, 'token': None, 'stream': 'stdout'}]
DEBUG:__main__:--------------------------------
DEBUG:__main__:LOG: Starting Microfuzz Debug Log
DEBUG:pygdbmi.gdbcontroller:Launching gdb: arm-none-eabi-gdb-py --interpreter=mi2
DEBUG:pygdbmi.IoManager:writing: -target-select remote localhost:3333
DEBUG:pygdbmi.IoManager:{'message': 'thread-group-added',
 'payload': {'id': 'i1'},
 'stream': 'stdout',
 'token': None,
 'type': 'notify'}
DEBUG:pygdbmi.IoManager:{'message': None,
 'payload': 'GNU gdb (Arm GNU Toolchain 14.2.Rel1 (Build arm-14.52)) '
            '15.2.90.20241130-git\n',
 'stream': 'stdout',
 'type': 'console'}
DEBUG:pygdbmi.IoManager:{'message': None,
 'payload': 'Copyright (C) 2024 Free Software Foundation, Inc.\n',
 'stream': 'stdout',
 'type': 'console'}
DEBUG:pygdbmi.IoManager:{'message': None,
 'payload': 'License GPLv3+: GNU GPL version 3 or later '
            '<http://gnu.org/licenses/gpl.html>\n'
            'This is free software: you are free to change and redistribute '
            'it.\n'
            'There is NO WARRANTY, to the extent permitted by law.',
 'stream': 'stdout',
 'type': 'console'}
DEBUG:pygdbmi.IoManager:{'message': None,
 'payload': '\nType "show copying" and "show warranty" for details.\n',
 'stream': 'stdout',
 'type': 'console'}
DEBUG:pygdbmi.IoManager:{'message': None,
 'payload': 'This GDB was configured as "--host=x86_64-pc-linux-gnu '
            '--target=arm-none-eabi".\n',
 'stream': 'stdout',
 'type': 'console'}
DEBUG:pygdbmi.IoManager:{'message': None,
 'payload': 'Type "show configuration" for configuration details.\n',
 'stream': 'stdout',
 'type': 'console'}
DEBUG:pygdbmi.IoManager:{'message': None,
 'payload': 'For bug reporting instructions, please see:\n',
 'stream': 'stdout',
 'type': 'console'}
DEBUG:pygdbmi.IoManager:{'message': None,
 'payload': '<https://bugs.linaro.org/>.\n',
 'stream': 'stdout',
 'type': 'console'}
DEBUG:pygdbmi.IoManager:{'message': None,
 'payload': 'Find the GDB manual and other documentation resources online at:\n'
            '    <',
 'stream': 'stdout',
 'type': 'console'}
DEBUG:pygdbmi.IoManager:{'message': None,
 'payload': 'http://www.gnu.org/software/gdb/documentation/>.\n\n',
 'stream': 'stdout',
 'type': 'console'}
DEBUG:pygdbmi.IoManager:{'message': None,
 'payload': 'For help, type "help".\n',
 'stream': 'stdout',
 'type': 'console'}
DEBUG:pygdbmi.IoManager:{'message': None,
 'payload': 'Type "apropos word" to search for commands related to "word".\n',
 'stream': 'stdout',
 'type': 'console'}
DEBUG:pygdbmi.IoManager:{'message': 'error',
 'payload': {'msg': 'Remote connection closed'},
 'stream': 'stdout',
 'token': None,
 'type': 'result'}
DEBUG:pygdbmi.IoManager:writing: -interpreter-exec console "source command_extension.py"
DEBUG:pygdbmi.IoManager:{'message': 'done',
 'payload': None,
 'stream': 'stdout',
 'token': None,
 'type': 'result'}
DEBUG:pygdbmi.IoManager:writing: -file-exec-and-symbols ./build/Microfuzz.elf
DEBUG:pygdbmi.IoManager:{'message': 'done',
 'payload': None,
 'stream': 'stdout',
 'token': None,
 'type': 'result'}
DEBUG:pygdbmi.IoManager:writing: ['-interpreter-exec console "monitor reset halt"']
DEBUG:pygdbmi.IoManager:{'message': None,
 'payload': '"monitor" command not supported by this target.\n',
 'stream': 'stdout',
 'type': 'log'}
DEBUG:pygdbmi.IoManager:{'message': 'error',
 'payload': {'msg': '"monitor" command not supported by this target.'},
 'stream': 'stdout',
 'token': None,
 'type': 'result'}
DEBUG:pygdbmi.IoManager:writing: ['-target-download']
DEBUG:pygdbmi.IoManager:{'message': 'error',
 'payload': {'msg': "You can't do that when your target is `exec'"},
 'stream': 'stdout',
 'token': None,
 'type': 'result'}
DEBUG:pygdbmi.IoManager:writing: ['-exec-continue']
DEBUG:pygdbmi.IoManager:{'message': 'error',
 'payload': {'msg': 'The program is not being run.'},
 'stream': 'stdout',
 'token': None,
 'type': 'result'}
INFO:__main__:INFO: Program successfully loaded
INFO:__main__:INFO: Starting time 2025-09-01 16:43:16.559251.
DEBUG:__main__:DEBUG: -interpreter-exec console "coverage-breakpoint bubble_coverage 38099, 10"
DEBUG:pygdbmi.IoManager:writing: -interpreter-exec console "coverage-breakpoint bubble_coverage 38099 10"
DEBUG:pygdbmi.IoManager:{'message': None,
 'payload': 'Breakpoint 1 at 0x20008b28: file ./Core/Src/fuzz/fuzz.c, line '
            '516.\n',
 'stream': 'stdout',
 'type': 'console'}
DEBUG:pygdbmi.IoManager:{'message': 'breakpoint-created',
 'payload': {'bkpt': {'addr': '0x20008b28',
                      'disp': 'keep',
                      'enabled': 'y',
                      'file': './Core/Src/fuzz/fuzz.c',
                      'fullname': '/home/santiago/Research/microfuzz/on_board/F44RE/build/Core/Src/fuzz/fuzz.c',
                      'func': 'bubble_coverage',
                      'line': '516',
                      'number': '1',
                      'original-location': 'bubble_coverage',
                      'thread-groups': ['i1'],
                      'times': '0',
                      'type': 'breakpoint'}},
 'stream': 'stdout',
 'token': None,
 'type': 'notify'}
DEBUG:pygdbmi.IoManager:{'message': 'done',
 'payload': None,
 'stream': 'stdout',
 'token': None,
 'type': 'result'}
DEBUG:__main__:DEBUG: -interpreter-exec console "coverage-breakpoint crash_handler 38099, 12"
DEBUG:pygdbmi.IoManager:writing: -interpreter-exec console "coverage-breakpoint crash_handler 38099 12"
DEBUG:pygdbmi.IoManager:{'message': None,
 'payload': 'Breakpoint 2 at 0x20007ccc: file ./Core/Src/fuzz/fuzz.c, line '
            '45.\n',
 'stream': 'stdout',
 'type': 'console'}
DEBUG:pygdbmi.IoManager:{'message': 'breakpoint-created',
 'payload': {'bkpt': {'addr': '0x20007ccc',
                      'disp': 'keep',
                      'enabled': 'y',
                      'file': './Core/Src/fuzz/fuzz.c',
                      'fullname': '/home/santiago/Research/microfuzz/on_board/F44RE/build/Core/Src/fuzz/fuzz.c',
                      'func': 'crash_handler',
                      'line': '45',
                      'number': '2',
                      'original-location': 'crash_handler',
                      'thread-groups': ['i1'],
                      'times': '0',
                      'type': 'breakpoint'}},
 'stream': 'stdout',
 'token': None,
 'type': 'notify'}
DEBUG:pygdbmi.IoManager:{'message': 'done',
 'payload': None,
 'stream': 'stdout',
 'token': None,
 'type': 'result'}
DEBUG:__main__:DEBUG: Random numbers chosen b'3\x9f\xc6\x98', 866109080
DEBUG:__main__:DEBUG: You are in write_memory.
DEBUG:__main__:DEBUG: Data to be written 866109080
DEBUG:__main__:DEBUG: -data-write-memory-bytes &g_randomSeed 8661090800
DEBUG:pygdbmi.IoManager:writing: -data-write-memory-bytes &g_randomSeed 8661090800
DEBUG:pygdbmi.IoManager:{'message': 'error',
 'payload': {'msg': 'Cannot access memory at address 0x200143e8'},
 'stream': 'stdout',
 'token': None,
 'type': 'result'}
DEBUG:__main__:DEBUG: [{'type': 'result', 'message': 'error', 'payload': {'msg': 'Cannot access memory at address 0x200143e8'}, 'token': None, 'stream': 'stdout'}]
INFO:__main__:INFO: -data-read-memory-bytes &g_sutStartPtr 4
DEBUG:pygdbmi.IoManager:writing: -data-read-memory-bytes &g_sutStartPtr 4
DEBUG:pygdbmi.IoManager:{'message': 'done',
 'payload': {'memory': [{'begin': '0x20014364',
                         'contents': '00000000',
                         'end': '0x20014368',
                         'offset': '0x00000000'}]},
 'stream': 'stdout',
 'token': None,
 'type': 'result'}
INFO:__main__:INFO: GDB Response: [{'type': 'result', 'message': 'done', 'payload': {'memory': [{'begin': '0x20014364', 'offset': '0x00000000', 'end': '0x20014368', 'contents': '00000000'}]}, 'token': None, 'stream': 'stdout'}]
INFO:__main__:INFO: Start of target program: x1
INFO:__main__:INFO: Starting Pointer x1
DEBUG:__main__:--------------------------------
DEBUG:__main__:LOG: Starting Microfuzz Debug Log
DEBUG:pygdbmi.gdbcontroller:Launching gdb: arm-none-eabi-gdb-py --interpreter=mi2
DEBUG:pygdbmi.IoManager:writing: -target-select remote localhost:3333
DEBUG:pygdbmi.IoManager:{'message': 'thread-group-added',
 'payload': {'id': 'i1'},
 'stream': 'stdout',
 'token': None,
 'type': 'notify'}
DEBUG:pygdbmi.IoManager:{'message': None,
 'payload': 'GNU gdb (Arm GNU Toolchain 14.2.Rel1 (Build arm-14.52)) '
            '15.2.90.20241130-git\n',
 'stream': 'stdout',
 'type': 'console'}
DEBUG:pygdbmi.IoManager:{'message': None,
 'payload': 'Copyright (C) 2024 Free Software Foundation, Inc.\n',
 'stream': 'stdout',
 'type': 'console'}
DEBUG:pygdbmi.IoManager:{'message': None,
 'payload': 'License GPLv3+: GNU GPL version 3 or later '
            '<http://gnu.org/licenses/gpl.html>\n'
            'This is free software: you are free to change and redistribute '
            'it.\n'
            'There is NO WARRANTY, to the extent permitted by law.',
 'stream': 'stdout',
 'type': 'console'}
DEBUG:pygdbmi.IoManager:{'message': None,
 'payload': '\nType "show copying" and "show warranty" for details.\n',
 'stream': 'stdout',
 'type': 'console'}
DEBUG:pygdbmi.IoManager:{'message': None,
 'payload': 'This GDB was configured as "--host=x86_64-pc-linux-gnu '
            '--target=arm-none-eabi".\n',
 'stream': 'stdout',
 'type': 'console'}
DEBUG:pygdbmi.IoManager:{'message': None,
 'payload': 'Type "show configuration" for configuration details.\n',
 'stream': 'stdout',
 'type': 'console'}
DEBUG:pygdbmi.IoManager:{'message': None,
 'payload': 'For bug reporting instructions, please see:\n',
 'stream': 'stdout',
 'type': 'console'}
DEBUG:pygdbmi.IoManager:{'message': None,
 'payload': '<https://bugs.linaro.org/>.\n',
 'stream': 'stdout',
 'type': 'console'}
DEBUG:pygdbmi.IoManager:{'message': None,
 'payload': 'Find the GDB manual and other documentation resources online at:\n'
            '    <',
 'stream': 'stdout',
 'type': 'console'}
DEBUG:pygdbmi.IoManager:{'message': None,
 'payload': 'http://www.gnu.org/software/gdb/documentation/>.\n\n',
 'stream': 'stdout',
 'type': 'console'}
DEBUG:pygdbmi.IoManager:{'message': None,
 'payload': 'For help, type "help".\n',
 'stream': 'stdout',
 'type': 'console'}
DEBUG:pygdbmi.IoManager:{'message': None,
 'payload': 'Type "apropos word" to search for commands related to "word".\n',
 'stream': 'stdout',
 'type': 'console'}
DEBUG:pygdbmi.IoManager:{'message': 'error',
 'payload': {'msg': 'Remote connection closed'},
 'stream': 'stdout',
 'token': None,
 'type': 'result'}
DEBUG:pygdbmi.IoManager:writing: -interpreter-exec console "source command_extension.py"
DEBUG:pygdbmi.IoManager:{'message': 'done',
 'payload': None,
 'stream': 'stdout',
 'token': None,
 'type': 'result'}
DEBUG:pygdbmi.IoManager:writing: -file-exec-and-symbols ./build/Microfuzz.elf
DEBUG:pygdbmi.IoManager:{'message': 'done',
 'payload': None,
 'stream': 'stdout',
 'token': None,
 'type': 'result'}
DEBUG:pygdbmi.IoManager:writing: ['-interpreter-exec console "monitor reset halt"']
DEBUG:pygdbmi.IoManager:{'message': None,
 'payload': '"monitor" command not supported by this target.\n',
 'stream': 'stdout',
 'type': 'log'}
DEBUG:pygdbmi.IoManager:{'message': 'error',
 'payload': {'msg': '"monitor" command not supported by this target.'},
 'stream': 'stdout',
 'token': None,
 'type': 'result'}
DEBUG:pygdbmi.IoManager:writing: ['-target-download']
DEBUG:pygdbmi.IoManager:{'message': 'error',
 'payload': {'msg': "You can't do that when your target is `exec'"},
 'stream': 'stdout',
 'token': None,
 'type': 'result'}
DEBUG:pygdbmi.IoManager:writing: ['-exec-continue']
DEBUG:pygdbmi.IoManager:{'message': 'error',
 'payload': {'msg': 'The program is not being run.'},
 'stream': 'stdout',
 'token': None,
 'type': 'result'}
INFO:__main__:INFO: Program successfully loaded
INFO:__main__:INFO: Starting time 2025-09-01 16:43:34.625436.
DEBUG:__main__:DEBUG: -interpreter-exec console "coverage-breakpoint bubble_coverage 38215, 10"
DEBUG:pygdbmi.IoManager:writing: -interpreter-exec console "coverage-breakpoint bubble_coverage 38215 10"
DEBUG:pygdbmi.IoManager:{'message': None,
 'payload': 'Breakpoint 1 at 0x20008b28: file ./Core/Src/fuzz/fuzz.c, line '
            '516.\n',
 'stream': 'stdout',
 'type': 'console'}
DEBUG:pygdbmi.IoManager:{'message': 'breakpoint-created',
 'payload': {'bkpt': {'addr': '0x20008b28',
                      'disp': 'keep',
                      'enabled': 'y',
                      'file': './Core/Src/fuzz/fuzz.c',
                      'fullname': '/home/santiago/Research/microfuzz/on_board/F44RE/build/Core/Src/fuzz/fuzz.c',
                      'func': 'bubble_coverage',
                      'line': '516',
                      'number': '1',
                      'original-location': 'bubble_coverage',
                      'thread-groups': ['i1'],
                      'times': '0',
                      'type': 'breakpoint'}},
 'stream': 'stdout',
 'token': None,
 'type': 'notify'}
DEBUG:pygdbmi.IoManager:{'message': 'done',
 'payload': None,
 'stream': 'stdout',
 'token': None,
 'type': 'result'}
DEBUG:__main__:DEBUG: -interpreter-exec console "coverage-breakpoint crash_handler 38215, 12"
DEBUG:pygdbmi.IoManager:writing: -interpreter-exec console "coverage-breakpoint crash_handler 38215 12"
DEBUG:pygdbmi.IoManager:{'message': None,
 'payload': 'Breakpoint 2 at 0x20007ccc: file ./Core/Src/fuzz/fuzz.c, line '
            '45.\n',
 'stream': 'stdout',
 'type': 'console'}
DEBUG:pygdbmi.IoManager:{'message': 'breakpoint-created',
 'payload': {'bkpt': {'addr': '0x20007ccc',
                      'disp': 'keep',
                      'enabled': 'y',
                      'file': './Core/Src/fuzz/fuzz.c',
                      'fullname': '/home/santiago/Research/microfuzz/on_board/F44RE/build/Core/Src/fuzz/fuzz.c',
                      'func': 'crash_handler',
                      'line': '45',
                      'number': '2',
                      'original-location': 'crash_handler',
                      'thread-groups': ['i1'],
                      'times': '0',
                      'type': 'breakpoint'}},
 'stream': 'stdout',
 'token': None,
 'type': 'notify'}
DEBUG:pygdbmi.IoManager:{'message': 'done',
 'payload': None,
 'stream': 'stdout',
 'token': None,
 'type': 'result'}
DEBUG:__main__:DEBUG: Random numbers chosen b'\xd6\xd6\x1c\x88', 3604356232
DEBUG:__main__:DEBUG: You are in write_memory.
DEBUG:__main__:DEBUG: Data to be written 3604356232
DEBUG:__main__:DEBUG: -data-write-memory-bytes &g_randomSeed 3604356232
DEBUG:pygdbmi.IoManager:writing: -data-write-memory-bytes &g_randomSeed 3604356232
DEBUG:pygdbmi.IoManager:{'message': 'error',
 'payload': {'msg': 'Cannot access memory at address 0x200143e8'},
 'stream': 'stdout',
 'token': None,
 'type': 'result'}
DEBUG:__main__:DEBUG: [{'type': 'result', 'message': 'error', 'payload': {'msg': 'Cannot access memory at address 0x200143e8'}, 'token': None, 'stream': 'stdout'}]
INFO:__main__:INFO: -data-read-memory-bytes &g_sutStartPtr 4
DEBUG:pygdbmi.IoManager:writing: -data-read-memory-bytes &g_sutStartPtr 4
DEBUG:pygdbmi.IoManager:{'message': 'done',
 'payload': {'memory': [{'begin': '0x20014364',
                         'contents': '00000000',
                         'end': '0x20014368',
                         'offset': '0x00000000'}]},
 'stream': 'stdout',
 'token': None,
 'type': 'result'}
INFO:__main__:INFO: GDB Response: [{'type': 'result', 'message': 'done', 'payload': {'memory': [{'begin': '0x20014364', 'offset': '0x00000000', 'end': '0x20014368', 'contents': '00000000'}]}, 'token': None, 'stream': 'stdout'}]
INFO:__main__:INFO: Start of target program: x1
INFO:__main__:INFO: Starting Pointer x1
DEBUG:__main__:--------------------------------
DEBUG:__main__:LOG: Starting Microfuzz Debug Log
DEBUG:pygdbmi.gdbcontroller:Launching gdb: arm-none-eabi-gdb-py --interpreter=mi2
DEBUG:pygdbmi.IoManager:writing: -target-select remote localhost:3333
DEBUG:pygdbmi.IoManager:{'message': 'thread-group-added',
 'payload': {'id': 'i1'},
 'stream': 'stdout',
 'token': None,
 'type': 'notify'}
DEBUG:pygdbmi.IoManager:{'message': None,
 'payload': 'GNU gdb (Arm GNU Toolchain 14.2.Rel1 (Build arm-14.52)) '
            '15.2.90.20241130-git\n',
 'stream': 'stdout',
 'type': 'console'}
DEBUG:pygdbmi.IoManager:{'message': None,
 'payload': 'Copyright (C) 2024 Free Software Foundation, Inc.\n',
 'stream': 'stdout',
 'type': 'console'}
DEBUG:pygdbmi.IoManager:{'message': None,
 'payload': 'License GPLv3+: GNU GPL version 3 or later '
            '<http://gnu.org/licenses/gpl.html>\n'
            'This is free software: you are free to change and redistribute '
            'it.\n'
            'There is NO WARRANTY, to the extent permitted by law.',
 'stream': 'stdout',
 'type': 'console'}
DEBUG:pygdbmi.IoManager:{'message': None,
 'payload': '\nType "show copying" and "show warranty" for details.\n',
 'stream': 'stdout',
 'type': 'console'}
DEBUG:pygdbmi.IoManager:{'message': None,
 'payload': 'This GDB was configured as "--host=x86_64-pc-linux-gnu '
            '--target=arm-none-eabi".\n',
 'stream': 'stdout',
 'type': 'console'}
DEBUG:pygdbmi.IoManager:{'message': None,
 'payload': 'Type "show configuration" for configuration details.\n',
 'stream': 'stdout',
 'type': 'console'}
DEBUG:pygdbmi.IoManager:{'message': None,
 'payload': 'For bug reporting instructions, please see:\n',
 'stream': 'stdout',
 'type': 'console'}
DEBUG:pygdbmi.IoManager:{'message': None,
 'payload': '<https://bugs.linaro.org/>.\n',
 'stream': 'stdout',
 'type': 'console'}
DEBUG:pygdbmi.IoManager:{'message': None,
 'payload': 'Find the GDB manual and other documentation resources online at:\n'
            '    <',
 'stream': 'stdout',
 'type': 'console'}
DEBUG:pygdbmi.IoManager:{'message': None,
 'payload': 'http://www.gnu.org/software/gdb/documentation/>.\n\n',
 'stream': 'stdout',
 'type': 'console'}
DEBUG:pygdbmi.IoManager:{'message': None,
 'payload': 'For help, type "help".\n',
 'stream': 'stdout',
 'type': 'console'}
DEBUG:pygdbmi.IoManager:{'message': None,
 'payload': 'Type "apropos word" to search for commands related to "word".\n',
 'stream': 'stdout',
 'type': 'console'}
DEBUG:pygdbmi.IoManager:{'message': 'error',
 'payload': {'msg': 'Remote connection closed'},
 'stream': 'stdout',
 'token': None,
 'type': 'result'}
DEBUG:pygdbmi.IoManager:writing: -interpreter-exec console "source command_extension.py"
DEBUG:pygdbmi.IoManager:{'message': 'done',
 'payload': None,
 'stream': 'stdout',
 'token': None,
 'type': 'result'}
DEBUG:pygdbmi.IoManager:writing: -file-exec-and-symbols ./build/Microfuzz.elf
DEBUG:pygdbmi.IoManager:{'message': 'done',
 'payload': None,
 'stream': 'stdout',
 'token': None,
 'type': 'result'}
DEBUG:pygdbmi.IoManager:writing: ['-interpreter-exec console "monitor reset halt"']
DEBUG:pygdbmi.IoManager:{'message': None,
 'payload': '"monitor" command not supported by this target.\n',
 'stream': 'stdout',
 'type': 'log'}
DEBUG:pygdbmi.IoManager:{'message': 'error',
 'payload': {'msg': '"monitor" command not supported by this target.'},
 'stream': 'stdout',
 'token': None,
 'type': 'result'}
DEBUG:pygdbmi.IoManager:writing: ['-target-download']
DEBUG:pygdbmi.IoManager:{'message': 'error',
 'payload': {'msg': "You can't do that when your target is `exec'"},
 'stream': 'stdout',
 'token': None,
 'type': 'result'}
DEBUG:pygdbmi.IoManager:writing: ['-exec-continue']
DEBUG:pygdbmi.IoManager:{'message': 'error',
 'payload': {'msg': 'The program is not being run.'},
 'stream': 'stdout',
 'token': None,
 'type': 'result'}
INFO:__main__:INFO: Program successfully loaded
INFO:__main__:INFO: Starting time 2025-09-01 16:45:26.546968.
DEBUG:__main__:DEBUG: -interpreter-exec console "coverage-breakpoint bubble_coverage 38953, 10"
DEBUG:pygdbmi.IoManager:writing: -interpreter-exec console "coverage-breakpoint bubble_coverage 38953 10"
DEBUG:pygdbmi.IoManager:{'message': None,
 'payload': 'Breakpoint 1 at 0x20008b28: file ./Core/Src/fuzz/fuzz.c, line '
            '516.\n',
 'stream': 'stdout',
 'type': 'console'}
DEBUG:pygdbmi.IoManager:{'message': 'breakpoint-created',
 'payload': {'bkpt': {'addr': '0x20008b28',
                      'disp': 'keep',
                      'enabled': 'y',
                      'file': './Core/Src/fuzz/fuzz.c',
                      'fullname': '/home/santiago/Research/microfuzz/on_board/F44RE/build/Core/Src/fuzz/fuzz.c',
                      'func': 'bubble_coverage',
                      'line': '516',
                      'number': '1',
                      'original-location': 'bubble_coverage',
                      'thread-groups': ['i1'],
                      'times': '0',
                      'type': 'breakpoint'}},
 'stream': 'stdout',
 'token': None,
 'type': 'notify'}
DEBUG:pygdbmi.IoManager:{'message': 'done',
 'payload': None,
 'stream': 'stdout',
 'token': None,
 'type': 'result'}
DEBUG:__main__:DEBUG: -interpreter-exec console "coverage-breakpoint crash_handler 38953, 12"
DEBUG:pygdbmi.IoManager:writing: -interpreter-exec console "coverage-breakpoint crash_handler 38953 12"
DEBUG:pygdbmi.IoManager:{'message': None,
 'payload': 'Breakpoint 2 at 0x20007ccc: file ./Core/Src/fuzz/fuzz.c, line '
            '45.\n',
 'stream': 'stdout',
 'type': 'console'}
DEBUG:pygdbmi.IoManager:{'message': 'breakpoint-created',
 'payload': {'bkpt': {'addr': '0x20007ccc',
                      'disp': 'keep',
                      'enabled': 'y',
                      'file': './Core/Src/fuzz/fuzz.c',
                      'fullname': '/home/santiago/Research/microfuzz/on_board/F44RE/build/Core/Src/fuzz/fuzz.c',
                      'func': 'crash_handler',
                      'line': '45',
                      'number': '2',
                      'original-location': 'crash_handler',
                      'thread-groups': ['i1'],
                      'times': '0',
                      'type': 'breakpoint'}},
 'stream': 'stdout',
 'token': None,
 'type': 'notify'}
DEBUG:pygdbmi.IoManager:{'message': 'done',
 'payload': None,
 'stream': 'stdout',
 'token': None,
 'type': 'result'}
DEBUG:__main__:DEBUG: Random numbers chosen b'\x9c\xaa\xbd@', 2628435264
DEBUG:__main__:DEBUG: You are in write_memory.
DEBUG:__main__:DEBUG: Data to be written 2628435264
DEBUG:__main__:DEBUG: -data-write-memory-bytes &g_randomSeed 2628435264
DEBUG:pygdbmi.IoManager:writing: -data-write-memory-bytes &g_randomSeed 2628435264
DEBUG:pygdbmi.IoManager:{'message': 'error',
 'payload': {'msg': 'Cannot access memory at address 0x200143e8'},
 'stream': 'stdout',
 'token': None,
 'type': 'result'}
DEBUG:__main__:DEBUG: [{'type': 'result', 'message': 'error', 'payload': {'msg': 'Cannot access memory at address 0x200143e8'}, 'token': None, 'stream': 'stdout'}]
INFO:__main__:INFO: -data-read-memory-bytes &g_sutStartPtr 4
DEBUG:pygdbmi.IoManager:writing: -data-read-memory-bytes &g_sutStartPtr 4
DEBUG:pygdbmi.IoManager:{'message': 'done',
 'payload': {'memory': [{'begin': '0x20014364',
                         'contents': '00000000',
                         'end': '0x20014368',
                         'offset': '0x00000000'}]},
 'stream': 'stdout',
 'token': None,
 'type': 'result'}
INFO:__main__:INFO: GDB Response: [{'type': 'result', 'message': 'done', 'payload': {'memory': [{'begin': '0x20014364', 'offset': '0x00000000', 'end': '0x20014368', 'contents': '00000000'}]}, 'token': None, 'stream': 'stdout'}]
INFO:__main__:INFO: Start of target program: x1
INFO:__main__:INFO: Starting Pointer x1
